2021-04-28 11:20:16,905 INFO com.codegym.englishbackend.EnglishBackendApplication [restartedMain] Starting EnglishBackendApplication on LAPTOP-AMEKJ7JM with PID 15876 (D:\Project\Java\english-backend\target\classes started by User in D:\Project\Java\english-backend)
2021-04-28 11:20:16,918 INFO com.codegym.englishbackend.EnglishBackendApplication [restartedMain] No active profile set, falling back to default profiles: default
2021-04-28 11:20:17,018 INFO org.springframework.boot.devtools.env.DevToolsPropertyDefaultsPostProcessor [restartedMain] Devtools property defaults active! Set 'spring.devtools.add-properties' to 'false' to disable
2021-04-28 11:20:17,018 INFO org.springframework.boot.devtools.env.DevToolsPropertyDefaultsPostProcessor [restartedMain] For additional web related logging consider setting the 'logging.level.web' property to 'DEBUG'
2021-04-28 11:20:18,268 INFO org.springframework.data.repository.config.RepositoryConfigurationDelegate [restartedMain] Bootstrapping Spring Data JPA repositories in DEFERRED mode.
2021-04-28 11:20:18,401 INFO org.springframework.data.repository.config.RepositoryConfigurationDelegate [restartedMain] Finished Spring Data repository scanning in 120ms. Found 2 JPA repository interfaces.
2021-04-28 11:20:18,819 INFO org.springframework.context.support.PostProcessorRegistrationDelegate$BeanPostProcessorChecker [restartedMain] Bean 'org.springframework.security.access.expression.method.DefaultMethodSecurityExpressionHandler@936ddc6' of type [org.springframework.security.access.expression.method.DefaultMethodSecurityExpressionHandler] is not eligible for getting processed by all BeanPostProcessors (for example: not eligible for auto-proxying)
2021-04-28 11:20:18,827 INFO org.springframework.context.support.PostProcessorRegistrationDelegate$BeanPostProcessorChecker [restartedMain] Bean 'methodSecurityMetadataSource' of type [org.springframework.security.access.method.DelegatingMethodSecurityMetadataSource] is not eligible for getting processed by all BeanPostProcessors (for example: not eligible for auto-proxying)
2021-04-28 11:20:19,558 INFO org.springframework.boot.web.embedded.tomcat.TomcatWebServer [restartedMain] Tomcat initialized with port(s): 8081 (http)
2021-04-28 11:20:19,572 INFO org.apache.catalina.core.StandardService [restartedMain] Starting service [Tomcat]
2021-04-28 11:20:19,572 INFO org.apache.catalina.core.StandardEngine [restartedMain] Starting Servlet engine: [Apache Tomcat/9.0.38]
2021-04-28 11:20:19,787 INFO org.apache.catalina.core.ContainerBase.[Tomcat].[localhost].[/] [restartedMain] Initializing Spring embedded WebApplicationContext
2021-04-28 11:20:19,787 INFO org.springframework.boot.web.servlet.context.ServletWebServerApplicationContext [restartedMain] Root WebApplicationContext: initialization completed in 2755 ms
2021-04-28 11:20:20,518 WARN org.springframework.boot.web.servlet.context.AnnotationConfigServletWebServerApplicationContext [restartedMain] Exception encountered during context initialization - cancelling refresh attempt: org.springframework.beans.factory.UnsatisfiedDependencyException: Error creating bean with name 'cacheManager' defined in class path resource [org/springframework/boot/autoconfigure/cache/JCacheCacheConfiguration.class]: Unsatisfied dependency expressed through method 'cacheManager' parameter 1; nested exception is org.springframework.beans.factory.BeanCreationException: Error creating bean with name 'jCacheCacheManager' defined in class path resource [org/springframework/boot/autoconfigure/cache/JCacheCacheConfiguration.class]: Bean instantiation via factory method failed; nested exception is org.springframework.beans.BeanInstantiationException: Failed to instantiate [javax.cache.CacheManager]: Factory method 'jCacheCacheManager' threw exception; nested exception is javax.cache.CacheException: org.ehcache.xml.exceptions.XmlConfigurationException: Error parsing XML configuration at file:/D:/Project/Java/english-backend/target/classes/ehcache.xml
2021-04-28 11:20:20,528 INFO org.apache.catalina.core.StandardService [restartedMain] Stopping service [Tomcat]
2021-04-28 11:20:20,560 INFO org.springframework.boot.autoconfigure.logging.ConditionEvaluationReportLoggingListener [restartedMain] 

Error starting ApplicationContext. To display the conditions report re-run your application with 'debug' enabled.
2021-04-28 11:20:20,584 ERROR org.springframework.boot.SpringApplication [restartedMain] Application run failed
org.springframework.beans.factory.UnsatisfiedDependencyException: Error creating bean with name 'cacheManager' defined in class path resource [org/springframework/boot/autoconfigure/cache/JCacheCacheConfiguration.class]: Unsatisfied dependency expressed through method 'cacheManager' parameter 1; nested exception is org.springframework.beans.factory.BeanCreationException: Error creating bean with name 'jCacheCacheManager' defined in class path resource [org/springframework/boot/autoconfigure/cache/JCacheCacheConfiguration.class]: Bean instantiation via factory method failed; nested exception is org.springframework.beans.BeanInstantiationException: Failed to instantiate [javax.cache.CacheManager]: Factory method 'jCacheCacheManager' threw exception; nested exception is javax.cache.CacheException: org.ehcache.xml.exceptions.XmlConfigurationException: Error parsing XML configuration at file:/D:/Project/Java/english-backend/target/classes/ehcache.xml
	at org.springframework.beans.factory.support.ConstructorResolver.createArgumentArray(ConstructorResolver.java:797)
	at org.springframework.beans.factory.support.ConstructorResolver.instantiateUsingFactoryMethod(ConstructorResolver.java:538)
	at org.springframework.beans.factory.support.AbstractAutowireCapableBeanFactory.instantiateUsingFactoryMethod(AbstractAutowireCapableBeanFactory.java:1336)
	at org.springframework.beans.factory.support.AbstractAutowireCapableBeanFactory.createBeanInstance(AbstractAutowireCapableBeanFactory.java:1176)
	at org.springframework.beans.factory.support.AbstractAutowireCapableBeanFactory.doCreateBean(AbstractAutowireCapableBeanFactory.java:556)
	at org.springframework.beans.factory.support.AbstractAutowireCapableBeanFactory.createBean(AbstractAutowireCapableBeanFactory.java:516)
	at org.springframework.beans.factory.support.AbstractBeanFactory.lambda$doGetBean$0(AbstractBeanFactory.java:324)
	at org.springframework.beans.factory.support.DefaultSingletonBeanRegistry.getSingleton(DefaultSingletonBeanRegistry.java:234)
	at org.springframework.beans.factory.support.AbstractBeanFactory.doGetBean(AbstractBeanFactory.java:322)
	at org.springframework.beans.factory.support.AbstractBeanFactory.getBean(AbstractBeanFactory.java:202)
	at org.springframework.beans.factory.support.AbstractBeanFactory.doGetBean(AbstractBeanFactory.java:311)
	at org.springframework.beans.factory.support.AbstractBeanFactory.getBean(AbstractBeanFactory.java:202)
	at org.springframework.context.support.AbstractApplicationContext.getBean(AbstractApplicationContext.java:1109)
	at org.springframework.context.support.AbstractApplicationContext.finishBeanFactoryInitialization(AbstractApplicationContext.java:869)
	at org.springframework.context.support.AbstractApplicationContext.refresh(AbstractApplicationContext.java:551)
	at org.springframework.boot.web.servlet.context.ServletWebServerApplicationContext.refresh(ServletWebServerApplicationContext.java:143)
	at org.springframework.boot.SpringApplication.refresh(SpringApplication.java:758)
	at org.springframework.boot.SpringApplication.refresh(SpringApplication.java:750)
	at org.springframework.boot.SpringApplication.refreshContext(SpringApplication.java:397)
	at org.springframework.boot.SpringApplication.run(SpringApplication.java:315)
	at org.springframework.boot.SpringApplication.run(SpringApplication.java:1237)
	at org.springframework.boot.SpringApplication.run(SpringApplication.java:1226)
	at com.codegym.englishbackend.EnglishBackendApplication.main(EnglishBackendApplication.java:10)
	at sun.reflect.NativeMethodAccessorImpl.invoke0(Native Method)
	at sun.reflect.NativeMethodAccessorImpl.invoke(NativeMethodAccessorImpl.java:62)
	at sun.reflect.DelegatingMethodAccessorImpl.invoke(DelegatingMethodAccessorImpl.java:43)
	at java.lang.reflect.Method.invoke(Method.java:498)
	at org.springframework.boot.devtools.restart.RestartLauncher.run(RestartLauncher.java:49)
Caused by: org.springframework.beans.factory.BeanCreationException: Error creating bean with name 'jCacheCacheManager' defined in class path resource [org/springframework/boot/autoconfigure/cache/JCacheCacheConfiguration.class]: Bean instantiation via factory method failed; nested exception is org.springframework.beans.BeanInstantiationException: Failed to instantiate [javax.cache.CacheManager]: Factory method 'jCacheCacheManager' threw exception; nested exception is javax.cache.CacheException: org.ehcache.xml.exceptions.XmlConfigurationException: Error parsing XML configuration at file:/D:/Project/Java/english-backend/target/classes/ehcache.xml
	at org.springframework.beans.factory.support.ConstructorResolver.instantiate(ConstructorResolver.java:655)
	at org.springframework.beans.factory.support.ConstructorResolver.instantiateUsingFactoryMethod(ConstructorResolver.java:635)
	at org.springframework.beans.factory.support.AbstractAutowireCapableBeanFactory.instantiateUsingFactoryMethod(AbstractAutowireCapableBeanFactory.java:1336)
	at org.springframework.beans.factory.support.AbstractAutowireCapableBeanFactory.createBeanInstance(AbstractAutowireCapableBeanFactory.java:1176)
	at org.springframework.beans.factory.support.AbstractAutowireCapableBeanFactory.doCreateBean(AbstractAutowireCapableBeanFactory.java:556)
	at org.springframework.beans.factory.support.AbstractAutowireCapableBeanFactory.createBean(AbstractAutowireCapableBeanFactory.java:516)
	at org.springframework.beans.factory.support.AbstractBeanFactory.lambda$doGetBean$0(AbstractBeanFactory.java:324)
	at org.springframework.beans.factory.support.DefaultSingletonBeanRegistry.getSingleton(DefaultSingletonBeanRegistry.java:234)
	at org.springframework.beans.factory.support.AbstractBeanFactory.doGetBean(AbstractBeanFactory.java:322)
	at org.springframework.beans.factory.support.AbstractBeanFactory.getBean(AbstractBeanFactory.java:202)
	at org.springframework.beans.factory.config.DependencyDescriptor.resolveCandidate(DependencyDescriptor.java:276)
	at org.springframework.beans.factory.support.DefaultListableBeanFactory.doResolveDependency(DefaultListableBeanFactory.java:1307)
	at org.springframework.beans.factory.support.DefaultListableBeanFactory.resolveDependency(DefaultListableBeanFactory.java:1227)
	at org.springframework.beans.factory.support.ConstructorResolver.resolveAutowiredArgument(ConstructorResolver.java:884)
	at org.springframework.beans.factory.support.ConstructorResolver.createArgumentArray(ConstructorResolver.java:788)
	... 27 common frames omitted
Caused by: org.springframework.beans.BeanInstantiationException: Failed to instantiate [javax.cache.CacheManager]: Factory method 'jCacheCacheManager' threw exception; nested exception is javax.cache.CacheException: org.ehcache.xml.exceptions.XmlConfigurationException: Error parsing XML configuration at file:/D:/Project/Java/english-backend/target/classes/ehcache.xml
	at org.springframework.beans.factory.support.SimpleInstantiationStrategy.instantiate(SimpleInstantiationStrategy.java:185)
	at org.springframework.beans.factory.support.ConstructorResolver.instantiate(ConstructorResolver.java:650)
	... 41 common frames omitted
Caused by: javax.cache.CacheException: org.ehcache.xml.exceptions.XmlConfigurationException: Error parsing XML configuration at file:/D:/Project/Java/english-backend/target/classes/ehcache.xml
	at org.ehcache.jsr107.EhcacheCachingProvider$ConfigSupplier.getConfiguration(EhcacheCachingProvider.java:331)
	at org.ehcache.jsr107.EhcacheCachingProvider.getCacheManager(EhcacheCachingProvider.java:134)
	at org.ehcache.jsr107.EhcacheCachingProvider.getCacheManager(EhcacheCachingProvider.java:85)
	at org.springframework.boot.autoconfigure.cache.JCacheCacheConfiguration.createCacheManager(JCacheCacheConfiguration.java:101)
	at org.springframework.boot.autoconfigure.cache.JCacheCacheConfiguration.jCacheCacheManager(JCacheCacheConfiguration.java:83)
	at sun.reflect.NativeMethodAccessorImpl.invoke0(Native Method)
	at sun.reflect.NativeMethodAccessorImpl.invoke(NativeMethodAccessorImpl.java:62)
	at sun.reflect.DelegatingMethodAccessorImpl.invoke(DelegatingMethodAccessorImpl.java:43)
	at java.lang.reflect.Method.invoke(Method.java:498)
	at org.springframework.beans.factory.support.SimpleInstantiationStrategy.instantiate(SimpleInstantiationStrategy.java:154)
	... 42 common frames omitted
Caused by: org.ehcache.xml.exceptions.XmlConfigurationException: Error parsing XML configuration at file:/D:/Project/Java/english-backend/target/classes/ehcache.xml
	at org.ehcache.xml.XmlConfiguration.<init>(XmlConfiguration.java:122)
	at org.ehcache.xml.XmlConfiguration.<init>(XmlConfiguration.java:88)
	at org.ehcache.jsr107.EhcacheCachingProvider$ConfigSupplier.getConfiguration(EhcacheCachingProvider.java:328)
	... 51 common frames omitted
Caused by: java.lang.ClassNotFoundException: guru.springframework.ehcache.config$CacheLogger
	at java.net.URLClassLoader.findClass(URLClassLoader.java:382)
	at java.lang.ClassLoader.loadClass(ClassLoader.java:418)
	at sun.misc.Launcher$AppClassLoader.loadClass(Launcher.java:355)
	at java.lang.ClassLoader.loadClass(ClassLoader.java:351)
	at java.lang.Class.forName0(Native Method)
	at java.lang.Class.forName(Class.java:348)
	at org.springframework.boot.devtools.restart.classloader.RestartClassLoader.loadClass(RestartClassLoader.java:144)
	at java.lang.ClassLoader.loadClass(ClassLoader.java:351)
	at java.lang.Class.forName0(Native Method)
	at java.lang.Class.forName(Class.java:348)
	at org.ehcache.xml.XmlConfiguration.lambda$static$12(XmlConfiguration.java:394)
	at org.ehcache.xml.XmlConfiguration.getClassForName(XmlConfiguration.java:364)
	at org.ehcache.xml.service.DefaultCacheEventListenerConfigurationParser.parseServiceConfiguration(DefaultCacheEventListenerConfigurationParser.java:54)
	at org.ehcache.xml.ServiceConfigurationParser.parseConfiguration(ServiceConfigurationParser.java:66)
	at org.ehcache.xml.ConfigurationParser.parseServiceConfigurations(ConfigurationParser.java:175)
	at org.ehcache.xml.ConfigurationParser.documentToConfig(ConfigurationParser.java:325)
	at org.ehcache.xml.XmlConfiguration.<init>(XmlConfiguration.java:114)
	... 53 common frames omitted
2021-04-28 11:41:22,284 INFO com.codegym.englishbackend.EnglishBackendApplication [restartedMain] Starting EnglishBackendApplication on LAPTOP-AMEKJ7JM with PID 8228 (D:\Project\Java\english-backend\target\classes started by User in D:\Project\Java\english-backend)
2021-04-28 11:41:22,288 INFO com.codegym.englishbackend.EnglishBackendApplication [restartedMain] No active profile set, falling back to default profiles: default
2021-04-28 11:41:22,344 INFO org.springframework.boot.devtools.env.DevToolsPropertyDefaultsPostProcessor [restartedMain] Devtools property defaults active! Set 'spring.devtools.add-properties' to 'false' to disable
2021-04-28 11:41:22,344 INFO org.springframework.boot.devtools.env.DevToolsPropertyDefaultsPostProcessor [restartedMain] For additional web related logging consider setting the 'logging.level.web' property to 'DEBUG'
2021-04-28 11:41:23,327 INFO org.springframework.data.repository.config.RepositoryConfigurationDelegate [restartedMain] Bootstrapping Spring Data JPA repositories in DEFERRED mode.
2021-04-28 11:41:23,451 INFO org.springframework.data.repository.config.RepositoryConfigurationDelegate [restartedMain] Finished Spring Data repository scanning in 111ms. Found 2 JPA repository interfaces.
2021-04-28 11:41:23,779 INFO org.springframework.context.support.PostProcessorRegistrationDelegate$BeanPostProcessorChecker [restartedMain] Bean 'org.springframework.security.access.expression.method.DefaultMethodSecurityExpressionHandler@f51c7d9' of type [org.springframework.security.access.expression.method.DefaultMethodSecurityExpressionHandler] is not eligible for getting processed by all BeanPostProcessors (for example: not eligible for auto-proxying)
2021-04-28 11:41:23,785 INFO org.springframework.context.support.PostProcessorRegistrationDelegate$BeanPostProcessorChecker [restartedMain] Bean 'methodSecurityMetadataSource' of type [org.springframework.security.access.method.DelegatingMethodSecurityMetadataSource] is not eligible for getting processed by all BeanPostProcessors (for example: not eligible for auto-proxying)
2021-04-28 11:41:24,425 INFO org.springframework.boot.web.embedded.tomcat.TomcatWebServer [restartedMain] Tomcat initialized with port(s): 8081 (http)
2021-04-28 11:41:24,430 INFO org.apache.catalina.core.StandardService [restartedMain] Starting service [Tomcat]
2021-04-28 11:41:24,443 INFO org.apache.catalina.core.StandardEngine [restartedMain] Starting Servlet engine: [Apache Tomcat/9.0.38]
2021-04-28 11:41:24,564 INFO org.apache.catalina.core.ContainerBase.[Tomcat].[localhost].[/] [restartedMain] Initializing Spring embedded WebApplicationContext
2021-04-28 11:41:24,564 INFO org.springframework.boot.web.servlet.context.ServletWebServerApplicationContext [restartedMain] Root WebApplicationContext: initialization completed in 2220 ms
2021-04-28 11:41:25,710 INFO org.terracotta.offheapstore.paging.UpfrontAllocatingPageSource [restartedMain] Allocating 10.0MB in chunks
2021-04-28 11:41:25,869 INFO org.ehcache.core.EhcacheManager [restartedMain] Cache 'multiplyCache' created in EhcacheManager.
2021-04-28 11:41:25,892 INFO org.terracotta.offheapstore.paging.UpfrontAllocatingPageSource [restartedMain] Allocating 10.0MB in chunks
2021-04-28 11:41:25,958 INFO org.ehcache.core.EhcacheManager [restartedMain] Cache 'studentCache' created in EhcacheManager.
2021-04-28 11:41:25,978 INFO org.terracotta.offheapstore.paging.UpfrontAllocatingPageSource [restartedMain] Allocating 10.0MB in chunks
2021-04-28 11:41:26,040 INFO org.ehcache.core.EhcacheManager [restartedMain] Cache 'areaOfCircleCache' created in EhcacheManager.
2021-04-28 11:41:26,060 INFO org.terracotta.offheapstore.paging.UpfrontAllocatingPageSource [restartedMain] Allocating 10.0MB in chunks
2021-04-28 11:41:26,125 INFO org.ehcache.core.EhcacheManager [restartedMain] Cache 'powCache' created in EhcacheManager.
2021-04-28 11:41:26,276 INFO org.ehcache.jsr107.Eh107CacheManager [restartedMain] Registering Ehcache MBean javax.cache:type=CacheStatistics,CacheManager=file./D./Project/Java/english-backend/target/classes/ehcache.xml,Cache=multiplyCache
2021-04-28 11:41:26,281 INFO org.ehcache.jsr107.Eh107CacheManager [restartedMain] Registering Ehcache MBean javax.cache:type=CacheStatistics,CacheManager=file./D./Project/Java/english-backend/target/classes/ehcache.xml,Cache=studentCache
2021-04-28 11:41:26,282 INFO org.ehcache.jsr107.Eh107CacheManager [restartedMain] Registering Ehcache MBean javax.cache:type=CacheStatistics,CacheManager=file./D./Project/Java/english-backend/target/classes/ehcache.xml,Cache=areaOfCircleCache
2021-04-28 11:41:26,282 INFO org.ehcache.jsr107.Eh107CacheManager [restartedMain] Registering Ehcache MBean javax.cache:type=CacheStatistics,CacheManager=file./D./Project/Java/english-backend/target/classes/ehcache.xml,Cache=powCache
2021-04-28 11:41:26,295 INFO org.ehcache.jsr107.Eh107CacheManager [restartedMain] Registering Ehcache MBean javax.cache:type=CacheStatistics,CacheManager=file./D./Project/Java/english-backend/target/classes/ehcache.xml,Cache=multiplyCache
2021-04-28 11:41:26,296 INFO org.ehcache.jsr107.Eh107CacheManager [restartedMain] Registering Ehcache MBean javax.cache:type=CacheStatistics,CacheManager=file./D./Project/Java/english-backend/target/classes/ehcache.xml,Cache=studentCache
2021-04-28 11:41:26,297 INFO org.ehcache.jsr107.Eh107CacheManager [restartedMain] Registering Ehcache MBean javax.cache:type=CacheStatistics,CacheManager=file./D./Project/Java/english-backend/target/classes/ehcache.xml,Cache=areaOfCircleCache
2021-04-28 11:41:26,298 INFO org.ehcache.jsr107.Eh107CacheManager [restartedMain] Registering Ehcache MBean javax.cache:type=CacheStatistics,CacheManager=file./D./Project/Java/english-backend/target/classes/ehcache.xml,Cache=powCache
2021-04-28 11:41:26,602 INFO org.springframework.scheduling.concurrent.ThreadPoolTaskExecutor [restartedMain] Initializing ExecutorService 'applicationTaskExecutor'
2021-04-28 11:41:26,735 INFO org.hibernate.jpa.internal.util.LogHelper [task-1] HHH000204: Processing PersistenceUnitInfo [name: default]
2021-04-28 11:41:26,855 INFO org.hibernate.Version [task-1] HHH000412: Hibernate ORM core version 5.4.21.Final
2021-04-28 11:41:26,932 WARN org.springframework.boot.autoconfigure.orm.jpa.JpaBaseConfiguration$JpaWebConfiguration [restartedMain] spring.jpa.open-in-view is enabled by default. Therefore, database queries may be performed during view rendering. Explicitly configure spring.jpa.open-in-view to disable this warning
2021-04-28 11:41:27,150 INFO org.hibernate.annotations.common.Version [task-1] HCANN000001: Hibernate Commons Annotations {5.1.0.Final}
2021-04-28 11:41:27,185 INFO org.springframework.security.web.DefaultSecurityFilterChain [restartedMain] Creating filter chain: Ant [pattern='/authenticate', POST], []
2021-04-28 11:41:27,185 INFO org.springframework.security.web.DefaultSecurityFilterChain [restartedMain] Creating filter chain: Ant [pattern='/**', OPTIONS], []
2021-04-28 11:41:27,185 INFO org.springframework.security.web.DefaultSecurityFilterChain [restartedMain] Creating filter chain: Ant [pattern='/', GET], []
2021-04-28 11:41:27,185 INFO org.springframework.security.web.DefaultSecurityFilterChain [restartedMain] Creating filter chain: Ant [pattern='/h2-console/**/**'], []
2021-04-28 11:41:27,190 DEBUG org.hibernate.type.BasicTypeRegistry [task-1] Adding type registration boolean -> org.hibernate.type.BooleanType@2f41acd9
2021-04-28 11:41:27,190 DEBUG org.hibernate.type.BasicTypeRegistry [task-1] Adding type registration boolean -> org.hibernate.type.BooleanType@2f41acd9
2021-04-28 11:41:27,191 DEBUG org.hibernate.type.BasicTypeRegistry [task-1] Adding type registration java.lang.Boolean -> org.hibernate.type.BooleanType@2f41acd9
2021-04-28 11:41:27,192 DEBUG org.hibernate.type.BasicTypeRegistry [task-1] Adding type registration numeric_boolean -> org.hibernate.type.NumericBooleanType@13ea7345
2021-04-28 11:41:27,193 DEBUG org.hibernate.type.BasicTypeRegistry [task-1] Adding type registration true_false -> org.hibernate.type.TrueFalseType@40dec6e
2021-04-28 11:41:27,194 DEBUG org.hibernate.type.BasicTypeRegistry [task-1] Adding type registration yes_no -> org.hibernate.type.YesNoType@bbd76e2
2021-04-28 11:41:27,196 DEBUG org.hibernate.type.BasicTypeRegistry [task-1] Adding type registration byte -> org.hibernate.type.ByteType@2a22596c
2021-04-28 11:41:27,196 DEBUG org.hibernate.type.BasicTypeRegistry [task-1] Adding type registration byte -> org.hibernate.type.ByteType@2a22596c
2021-04-28 11:41:27,196 DEBUG org.hibernate.type.BasicTypeRegistry [task-1] Adding type registration java.lang.Byte -> org.hibernate.type.ByteType@2a22596c
2021-04-28 11:41:27,197 DEBUG org.hibernate.type.BasicTypeRegistry [task-1] Adding type registration character -> org.hibernate.type.CharacterType@6f1e8133
2021-04-28 11:41:27,199 DEBUG org.hibernate.type.BasicTypeRegistry [task-1] Adding type registration char -> org.hibernate.type.CharacterType@6f1e8133
2021-04-28 11:41:27,199 DEBUG org.hibernate.type.BasicTypeRegistry [task-1] Adding type registration java.lang.Character -> org.hibernate.type.CharacterType@6f1e8133
2021-04-28 11:41:27,200 DEBUG org.hibernate.type.BasicTypeRegistry [task-1] Adding type registration short -> org.hibernate.type.ShortType@1e8d1aff
2021-04-28 11:41:27,200 DEBUG org.hibernate.type.BasicTypeRegistry [task-1] Adding type registration short -> org.hibernate.type.ShortType@1e8d1aff
2021-04-28 11:41:27,200 DEBUG org.hibernate.type.BasicTypeRegistry [task-1] Adding type registration java.lang.Short -> org.hibernate.type.ShortType@1e8d1aff
2021-04-28 11:41:27,202 DEBUG org.hibernate.type.BasicTypeRegistry [task-1] Adding type registration integer -> org.hibernate.type.IntegerType@6eefafae
2021-04-28 11:41:27,202 DEBUG org.hibernate.type.BasicTypeRegistry [task-1] Adding type registration int -> org.hibernate.type.IntegerType@6eefafae
2021-04-28 11:41:27,202 DEBUG org.hibernate.type.BasicTypeRegistry [task-1] Adding type registration java.lang.Integer -> org.hibernate.type.IntegerType@6eefafae
2021-04-28 11:41:27,203 DEBUG org.hibernate.type.BasicTypeRegistry [task-1] Adding type registration long -> org.hibernate.type.LongType@1d7d3f70
2021-04-28 11:41:27,203 DEBUG org.hibernate.type.BasicTypeRegistry [task-1] Adding type registration long -> org.hibernate.type.LongType@1d7d3f70
2021-04-28 11:41:27,204 DEBUG org.hibernate.type.BasicTypeRegistry [task-1] Adding type registration java.lang.Long -> org.hibernate.type.LongType@1d7d3f70
2021-04-28 11:41:27,205 DEBUG org.hibernate.type.BasicTypeRegistry [task-1] Adding type registration float -> org.hibernate.type.FloatType@498da357
2021-04-28 11:41:27,205 DEBUG org.hibernate.type.BasicTypeRegistry [task-1] Adding type registration float -> org.hibernate.type.FloatType@498da357
2021-04-28 11:41:27,205 DEBUG org.hibernate.type.BasicTypeRegistry [task-1] Adding type registration java.lang.Float -> org.hibernate.type.FloatType@498da357
2021-04-28 11:41:27,206 DEBUG org.hibernate.type.BasicTypeRegistry [task-1] Adding type registration double -> org.hibernate.type.DoubleType@1951c933
2021-04-28 11:41:27,207 DEBUG org.hibernate.type.BasicTypeRegistry [task-1] Adding type registration double -> org.hibernate.type.DoubleType@1951c933
2021-04-28 11:41:27,207 DEBUG org.hibernate.type.BasicTypeRegistry [task-1] Adding type registration java.lang.Double -> org.hibernate.type.DoubleType@1951c933
2021-04-28 11:41:27,208 DEBUG org.hibernate.type.BasicTypeRegistry [task-1] Adding type registration big_decimal -> org.hibernate.type.BigDecimalType@66560e7a
2021-04-28 11:41:27,209 DEBUG org.hibernate.type.BasicTypeRegistry [task-1] Adding type registration java.math.BigDecimal -> org.hibernate.type.BigDecimalType@66560e7a
2021-04-28 11:41:27,210 DEBUG org.hibernate.type.BasicTypeRegistry [task-1] Adding type registration big_integer -> org.hibernate.type.BigIntegerType@460e5246
2021-04-28 11:41:27,210 DEBUG org.hibernate.type.BasicTypeRegistry [task-1] Adding type registration java.math.BigInteger -> org.hibernate.type.BigIntegerType@460e5246
2021-04-28 11:41:27,211 DEBUG org.hibernate.type.BasicTypeRegistry [task-1] Adding type registration string -> org.hibernate.type.StringType@1ba2466b
2021-04-28 11:41:27,211 DEBUG org.hibernate.type.BasicTypeRegistry [task-1] Adding type registration java.lang.String -> org.hibernate.type.StringType@1ba2466b
2021-04-28 11:41:27,212 DEBUG org.hibernate.type.BasicTypeRegistry [task-1] Adding type registration nstring -> org.hibernate.type.StringNVarcharType@5b431f28
2021-04-28 11:41:27,213 DEBUG org.hibernate.type.BasicTypeRegistry [task-1] Adding type registration ncharacter -> org.hibernate.type.CharacterNCharType@332c0710
2021-04-28 11:41:27,214 DEBUG org.hibernate.type.BasicTypeRegistry [task-1] Adding type registration url -> org.hibernate.type.UrlType@6b399a4c
2021-04-28 11:41:27,214 DEBUG org.hibernate.type.BasicTypeRegistry [task-1] Adding type registration java.net.URL -> org.hibernate.type.UrlType@6b399a4c
2021-04-28 11:41:27,215 DEBUG org.hibernate.type.BasicTypeRegistry [task-1] Adding type registration Duration -> org.hibernate.type.DurationType@2d4946e8
2021-04-28 11:41:27,216 DEBUG org.hibernate.type.BasicTypeRegistry [task-1] Adding type registration java.time.Duration -> org.hibernate.type.DurationType@2d4946e8
2021-04-28 11:41:27,217 DEBUG org.hibernate.type.BasicTypeRegistry [task-1] Adding type registration Instant -> org.hibernate.type.InstantType@3246e93f
2021-04-28 11:41:27,217 DEBUG org.hibernate.type.BasicTypeRegistry [task-1] Adding type registration java.time.Instant -> org.hibernate.type.InstantType@3246e93f
2021-04-28 11:41:27,219 DEBUG org.hibernate.type.BasicTypeRegistry [task-1] Adding type registration LocalDateTime -> org.hibernate.type.LocalDateTimeType@2f62f3c3
2021-04-28 11:41:27,220 DEBUG org.hibernate.type.BasicTypeRegistry [task-1] Adding type registration java.time.LocalDateTime -> org.hibernate.type.LocalDateTimeType@2f62f3c3
2021-04-28 11:41:27,221 DEBUG org.hibernate.type.BasicTypeRegistry [task-1] Adding type registration LocalDate -> org.hibernate.type.LocalDateType@64e1080
2021-04-28 11:41:27,221 DEBUG org.hibernate.type.BasicTypeRegistry [task-1] Adding type registration java.time.LocalDate -> org.hibernate.type.LocalDateType@64e1080
2021-04-28 11:41:27,223 DEBUG org.hibernate.type.BasicTypeRegistry [task-1] Adding type registration LocalTime -> org.hibernate.type.LocalTimeType@57693cd6
2021-04-28 11:41:27,223 DEBUG org.hibernate.type.BasicTypeRegistry [task-1] Adding type registration java.time.LocalTime -> org.hibernate.type.LocalTimeType@57693cd6
2021-04-28 11:41:27,225 DEBUG org.hibernate.type.BasicTypeRegistry [task-1] Adding type registration OffsetDateTime -> org.hibernate.type.OffsetDateTimeType@2ece10b7
2021-04-28 11:41:27,226 DEBUG org.hibernate.type.BasicTypeRegistry [task-1] Adding type registration java.time.OffsetDateTime -> org.hibernate.type.OffsetDateTimeType@2ece10b7
2021-04-28 11:41:27,227 DEBUG org.hibernate.type.BasicTypeRegistry [task-1] Adding type registration OffsetTime -> org.hibernate.type.OffsetTimeType@49885f32
2021-04-28 11:41:27,228 DEBUG org.hibernate.type.BasicTypeRegistry [task-1] Adding type registration java.time.OffsetTime -> org.hibernate.type.OffsetTimeType@49885f32
2021-04-28 11:41:27,229 DEBUG org.hibernate.type.BasicTypeRegistry [task-1] Adding type registration ZonedDateTime -> org.hibernate.type.ZonedDateTimeType@391ebd7d
2021-04-28 11:41:27,229 DEBUG org.hibernate.type.BasicTypeRegistry [task-1] Adding type registration java.time.ZonedDateTime -> org.hibernate.type.ZonedDateTimeType@391ebd7d
2021-04-28 11:41:27,233 DEBUG org.hibernate.type.BasicTypeRegistry [task-1] Adding type registration date -> org.hibernate.type.DateType@5deddeee
2021-04-28 11:41:27,233 DEBUG org.hibernate.type.BasicTypeRegistry [task-1] Adding type registration java.sql.Date -> org.hibernate.type.DateType@5deddeee
2021-04-28 11:41:27,235 DEBUG org.hibernate.type.BasicTypeRegistry [task-1] Adding type registration time -> org.hibernate.type.TimeType@7441662f
2021-04-28 11:41:27,235 DEBUG org.hibernate.type.BasicTypeRegistry [task-1] Adding type registration java.sql.Time -> org.hibernate.type.TimeType@7441662f
2021-04-28 11:41:27,237 DEBUG org.hibernate.type.BasicTypeRegistry [task-1] Adding type registration timestamp -> org.hibernate.type.TimestampType@7e3f6e45
2021-04-28 11:41:27,237 DEBUG org.hibernate.type.BasicTypeRegistry [task-1] Adding type registration java.sql.Timestamp -> org.hibernate.type.TimestampType@7e3f6e45
2021-04-28 11:41:27,237 DEBUG org.hibernate.type.BasicTypeRegistry [task-1] Adding type registration java.util.Date -> org.hibernate.type.TimestampType@7e3f6e45
2021-04-28 11:41:27,238 DEBUG org.hibernate.type.BasicTypeRegistry [task-1] Adding type registration dbtimestamp -> org.hibernate.type.DbTimestampType@57755d0d
2021-04-28 11:41:27,241 DEBUG org.hibernate.type.BasicTypeRegistry [task-1] Adding type registration calendar -> org.hibernate.type.CalendarType@41ea163a
2021-04-28 11:41:27,241 DEBUG org.hibernate.type.BasicTypeRegistry [task-1] Adding type registration java.util.Calendar -> org.hibernate.type.CalendarType@41ea163a
2021-04-28 11:41:27,241 DEBUG org.hibernate.type.BasicTypeRegistry [task-1] Adding type registration java.util.GregorianCalendar -> org.hibernate.type.CalendarType@41ea163a
2021-04-28 11:41:27,242 DEBUG org.hibernate.type.BasicTypeRegistry [task-1] Adding type registration calendar_date -> org.hibernate.type.CalendarDateType@680d8234
2021-04-28 11:41:27,243 DEBUG org.hibernate.type.BasicTypeRegistry [task-1] Adding type registration calendar_time -> org.hibernate.type.CalendarTimeType@5539e8eb
2021-04-28 11:41:27,243 DEBUG org.hibernate.type.BasicTypeRegistry [task-1] Adding type registration locale -> org.hibernate.type.LocaleType@44348408
2021-04-28 11:41:27,243 DEBUG org.hibernate.type.BasicTypeRegistry [task-1] Adding type registration java.util.Locale -> org.hibernate.type.LocaleType@44348408
2021-04-28 11:41:27,245 DEBUG org.hibernate.type.BasicTypeRegistry [task-1] Adding type registration currency -> org.hibernate.type.CurrencyType@20f6f4af
2021-04-28 11:41:27,245 DEBUG org.hibernate.type.BasicTypeRegistry [task-1] Adding type registration java.util.Currency -> org.hibernate.type.CurrencyType@20f6f4af
2021-04-28 11:41:27,248 DEBUG org.hibernate.type.BasicTypeRegistry [task-1] Adding type registration timezone -> org.hibernate.type.TimeZoneType@26ee5ef
2021-04-28 11:41:27,248 DEBUG org.hibernate.type.BasicTypeRegistry [task-1] Adding type registration java.util.TimeZone -> org.hibernate.type.TimeZoneType@26ee5ef
2021-04-28 11:41:27,249 DEBUG org.hibernate.type.BasicTypeRegistry [task-1] Adding type registration class -> org.hibernate.type.ClassType@1afa430
2021-04-28 11:41:27,249 DEBUG org.hibernate.type.BasicTypeRegistry [task-1] Adding type registration java.lang.Class -> org.hibernate.type.ClassType@1afa430
2021-04-28 11:41:27,251 DEBUG org.hibernate.type.BasicTypeRegistry [task-1] Adding type registration uuid-binary -> org.hibernate.type.UUIDBinaryType@676d78e
2021-04-28 11:41:27,251 DEBUG org.hibernate.type.BasicTypeRegistry [task-1] Adding type registration java.util.UUID -> org.hibernate.type.UUIDBinaryType@676d78e
2021-04-28 11:41:27,251 DEBUG org.hibernate.type.BasicTypeRegistry [task-1] Adding type registration uuid-char -> org.hibernate.type.UUIDCharType@77e18b5d
2021-04-28 11:41:27,252 INFO org.springframework.security.web.DefaultSecurityFilterChain [restartedMain] Creating filter chain: any request, [org.springframework.security.web.context.request.async.WebAsyncManagerIntegrationFilter@5938f7b4, org.springframework.security.web.context.SecurityContextPersistenceFilter@1b1b5e76, org.springframework.security.web.header.HeaderWriterFilter@19e71787, org.springframework.security.web.authentication.logout.LogoutFilter@50dd1e4f, com.codegym.englishbackend.jwt.JwtTokenAuthorizationOncePerRequestFilter@79793a2e, org.springframework.security.web.savedrequest.RequestCacheAwareFilter@5ab6b16d, org.springframework.security.web.servletapi.SecurityContextHolderAwareRequestFilter@b67a0ab, org.springframework.security.web.authentication.AnonymousAuthenticationFilter@73d84134, org.springframework.security.web.session.SessionManagementFilter@a5fc0c3, org.springframework.security.web.access.ExceptionTranslationFilter@183ccddb, org.springframework.security.web.access.intercept.FilterSecurityInterceptor@10820c20]
2021-04-28 11:41:27,253 DEBUG org.hibernate.type.BasicTypeRegistry [task-1] Adding type registration binary -> org.hibernate.type.BinaryType@3d939c06
2021-04-28 11:41:27,254 DEBUG org.hibernate.type.BasicTypeRegistry [task-1] Adding type registration byte[] -> org.hibernate.type.BinaryType@3d939c06
2021-04-28 11:41:27,254 DEBUG org.hibernate.type.BasicTypeRegistry [task-1] Adding type registration [B -> org.hibernate.type.BinaryType@3d939c06
2021-04-28 11:41:27,255 DEBUG org.hibernate.type.BasicTypeRegistry [task-1] Adding type registration wrapper-binary -> org.hibernate.type.WrapperBinaryType@3ee8aacf
2021-04-28 11:41:27,255 DEBUG org.hibernate.type.BasicTypeRegistry [task-1] Adding type registration Byte[] -> org.hibernate.type.WrapperBinaryType@3ee8aacf
2021-04-28 11:41:27,255 DEBUG org.hibernate.type.BasicTypeRegistry [task-1] Adding type registration [Ljava.lang.Byte; -> org.hibernate.type.WrapperBinaryType@3ee8aacf
2021-04-28 11:41:27,257 DEBUG org.hibernate.type.BasicTypeRegistry [task-1] Adding type registration row_version -> org.hibernate.type.RowVersionType@f827d27
2021-04-28 11:41:27,257 DEBUG org.hibernate.type.BasicTypeRegistry [task-1] Adding type registration image -> org.hibernate.type.ImageType@6d8f50d3
2021-04-28 11:41:27,259 DEBUG org.hibernate.type.BasicTypeRegistry [task-1] Adding type registration characters -> org.hibernate.type.CharArrayType@629a11e4
2021-04-28 11:41:27,259 DEBUG org.hibernate.type.BasicTypeRegistry [task-1] Adding type registration char[] -> org.hibernate.type.CharArrayType@629a11e4
2021-04-28 11:41:27,259 DEBUG org.hibernate.type.BasicTypeRegistry [task-1] Adding type registration [C -> org.hibernate.type.CharArrayType@629a11e4
2021-04-28 11:41:27,260 DEBUG org.hibernate.type.BasicTypeRegistry [task-1] Adding type registration wrapper-characters -> org.hibernate.type.CharacterArrayType@6ae18c42
2021-04-28 11:41:27,260 DEBUG org.hibernate.type.BasicTypeRegistry [task-1] Adding type registration [Ljava.lang.Character; -> org.hibernate.type.CharacterArrayType@6ae18c42
2021-04-28 11:41:27,261 DEBUG org.hibernate.type.BasicTypeRegistry [task-1] Adding type registration Character[] -> org.hibernate.type.CharacterArrayType@6ae18c42
2021-04-28 11:41:27,261 DEBUG org.hibernate.type.BasicTypeRegistry [task-1] Adding type registration text -> org.hibernate.type.TextType@16a71d63
2021-04-28 11:41:27,261 DEBUG org.hibernate.type.BasicTypeRegistry [task-1] Adding type registration ntext -> org.hibernate.type.NTextType@53cca1a2
2021-04-28 11:41:27,264 DEBUG org.hibernate.type.BasicTypeRegistry [task-1] Adding type registration blob -> org.hibernate.type.BlobType@7ba72e86
2021-04-28 11:41:27,264 DEBUG org.hibernate.type.BasicTypeRegistry [task-1] Adding type registration java.sql.Blob -> org.hibernate.type.BlobType@7ba72e86
2021-04-28 11:41:27,265 DEBUG org.hibernate.type.BasicTypeRegistry [task-1] Adding type registration materialized_blob -> org.hibernate.type.MaterializedBlobType@7ac2642c
2021-04-28 11:41:27,266 DEBUG org.hibernate.type.BasicTypeRegistry [task-1] Adding type registration clob -> org.hibernate.type.ClobType@fc7d96a
2021-04-28 11:41:27,267 DEBUG org.hibernate.type.BasicTypeRegistry [task-1] Adding type registration java.sql.Clob -> org.hibernate.type.ClobType@fc7d96a
2021-04-28 11:41:27,268 DEBUG org.hibernate.type.BasicTypeRegistry [task-1] Adding type registration nclob -> org.hibernate.type.NClobType@5a274710
2021-04-28 11:41:27,268 DEBUG org.hibernate.type.BasicTypeRegistry [task-1] Adding type registration java.sql.NClob -> org.hibernate.type.NClobType@5a274710
2021-04-28 11:41:27,269 DEBUG org.hibernate.type.BasicTypeRegistry [task-1] Adding type registration materialized_clob -> org.hibernate.type.MaterializedClobType@6f0ad8c6
2021-04-28 11:41:27,270 DEBUG org.hibernate.type.BasicTypeRegistry [task-1] Adding type registration materialized_nclob -> org.hibernate.type.MaterializedNClobType@5e5508a3
2021-04-28 11:41:27,271 DEBUG org.hibernate.type.BasicTypeRegistry [task-1] Adding type registration serializable -> org.hibernate.type.SerializableType@d63dbf
2021-04-28 11:41:27,277 DEBUG org.hibernate.type.BasicTypeRegistry [task-1] Adding type registration object -> org.hibernate.type.ObjectType@6dc95f9d
2021-04-28 11:41:27,277 DEBUG org.hibernate.type.BasicTypeRegistry [task-1] Adding type registration java.lang.Object -> org.hibernate.type.ObjectType@6dc95f9d
2021-04-28 11:41:27,277 DEBUG org.hibernate.type.BasicTypeRegistry [task-1] Adding type registration imm_date -> org.hibernate.type.AdaptedImmutableType@42e350e6
2021-04-28 11:41:27,277 DEBUG org.hibernate.type.BasicTypeRegistry [task-1] Adding type registration imm_time -> org.hibernate.type.AdaptedImmutableType@6571ca90
2021-04-28 11:41:27,277 DEBUG org.hibernate.type.BasicTypeRegistry [task-1] Adding type registration imm_timestamp -> org.hibernate.type.AdaptedImmutableType@739f734d
2021-04-28 11:41:27,278 DEBUG org.hibernate.type.BasicTypeRegistry [task-1] Adding type registration imm_dbtimestamp -> org.hibernate.type.AdaptedImmutableType@677afed2
2021-04-28 11:41:27,278 DEBUG org.hibernate.type.BasicTypeRegistry [task-1] Adding type registration imm_calendar -> org.hibernate.type.AdaptedImmutableType@3fc6e6bb
2021-04-28 11:41:27,278 DEBUG org.hibernate.type.BasicTypeRegistry [task-1] Adding type registration imm_calendar_date -> org.hibernate.type.AdaptedImmutableType@54088e99
2021-04-28 11:41:27,278 DEBUG org.hibernate.type.BasicTypeRegistry [task-1] Adding type registration imm_binary -> org.hibernate.type.AdaptedImmutableType@5c858a4e
2021-04-28 11:41:27,279 DEBUG org.hibernate.type.BasicTypeRegistry [task-1] Adding type registration imm_serializable -> org.hibernate.type.AdaptedImmutableType@6c396362
2021-04-28 11:41:27,336 INFO com.zaxxer.hikari.HikariDataSource [task-1] HikariPool-1 - Starting...
2021-04-28 11:41:28,076 INFO org.springframework.boot.devtools.autoconfigure.OptionalLiveReloadServer [restartedMain] LiveReload server is running on port 35729
2021-04-28 11:41:28,191 INFO org.springframework.boot.web.embedded.tomcat.TomcatWebServer [restartedMain] Tomcat started on port(s): 8081 (http) with context path ''
2021-04-28 11:41:28,196 INFO org.springframework.data.repository.config.DeferredRepositoryInitializationListener [restartedMain] Triggering deferred initialization of Spring Data repositories…
2021-04-28 11:41:29,653 ERROR com.zaxxer.hikari.pool.HikariPool [task-1] HikariPool-1 - Exception during pool initialization.
java.sql.SQLException: Access denied for user 'root'@'localhost' (using password: NO)
	at com.mysql.cj.jdbc.exceptions.SQLError.createSQLException(SQLError.java:129)
	at com.mysql.cj.jdbc.exceptions.SQLError.createSQLException(SQLError.java:97)
	at com.mysql.cj.jdbc.exceptions.SQLExceptionsMapping.translateException(SQLExceptionsMapping.java:122)
	at com.mysql.cj.jdbc.ConnectionImpl.createNewIO(ConnectionImpl.java:836)
	at com.mysql.cj.jdbc.ConnectionImpl.<init>(ConnectionImpl.java:456)
	at com.mysql.cj.jdbc.ConnectionImpl.getInstance(ConnectionImpl.java:246)
	at com.mysql.cj.jdbc.NonRegisteringDriver.connect(NonRegisteringDriver.java:197)
	at com.zaxxer.hikari.util.DriverDataSource.getConnection(DriverDataSource.java:138)
	at com.zaxxer.hikari.pool.PoolBase.newConnection(PoolBase.java:358)
	at com.zaxxer.hikari.pool.PoolBase.newPoolEntry(PoolBase.java:206)
	at com.zaxxer.hikari.pool.HikariPool.createPoolEntry(HikariPool.java:477)
	at com.zaxxer.hikari.pool.HikariPool.checkFailFast(HikariPool.java:560)
	at com.zaxxer.hikari.pool.HikariPool.<init>(HikariPool.java:115)
	at com.zaxxer.hikari.HikariDataSource.getConnection(HikariDataSource.java:112)
	at org.hibernate.engine.jdbc.connections.internal.DatasourceConnectionProviderImpl.getConnection(DatasourceConnectionProviderImpl.java:122)
	at org.hibernate.engine.jdbc.env.internal.JdbcEnvironmentInitiator$ConnectionProviderJdbcConnectionAccess.obtainConnection(JdbcEnvironmentInitiator.java:180)
	at org.hibernate.engine.jdbc.env.internal.JdbcEnvironmentInitiator.initiateService(JdbcEnvironmentInitiator.java:68)
	at org.hibernate.engine.jdbc.env.internal.JdbcEnvironmentInitiator.initiateService(JdbcEnvironmentInitiator.java:35)
	at org.hibernate.boot.registry.internal.StandardServiceRegistryImpl.initiateService(StandardServiceRegistryImpl.java:101)
	at org.hibernate.service.internal.AbstractServiceRegistryImpl.createService(AbstractServiceRegistryImpl.java:263)
	at org.hibernate.service.internal.AbstractServiceRegistryImpl.initializeService(AbstractServiceRegistryImpl.java:237)
	at org.hibernate.service.internal.AbstractServiceRegistryImpl.getService(AbstractServiceRegistryImpl.java:214)
	at org.hibernate.id.factory.internal.DefaultIdentifierGeneratorFactory.injectServices(DefaultIdentifierGeneratorFactory.java:152)
	at org.hibernate.service.internal.AbstractServiceRegistryImpl.injectDependencies(AbstractServiceRegistryImpl.java:286)
	at org.hibernate.service.internal.AbstractServiceRegistryImpl.initializeService(AbstractServiceRegistryImpl.java:243)
	at org.hibernate.service.internal.AbstractServiceRegistryImpl.getService(AbstractServiceRegistryImpl.java:214)
	at org.hibernate.boot.internal.InFlightMetadataCollectorImpl.<init>(InFlightMetadataCollectorImpl.java:176)
	at org.hibernate.boot.model.process.spi.MetadataBuildingProcess.complete(MetadataBuildingProcess.java:118)
	at org.hibernate.jpa.boot.internal.EntityManagerFactoryBuilderImpl.metadata(EntityManagerFactoryBuilderImpl.java:1224)
	at org.hibernate.jpa.boot.internal.EntityManagerFactoryBuilderImpl.build(EntityManagerFactoryBuilderImpl.java:1255)
	at org.springframework.orm.jpa.vendor.SpringHibernateJpaPersistenceProvider.createContainerEntityManagerFactory(SpringHibernateJpaPersistenceProvider.java:58)
	at org.springframework.orm.jpa.LocalContainerEntityManagerFactoryBean.createNativeEntityManagerFactory(LocalContainerEntityManagerFactoryBean.java:365)
	at org.springframework.orm.jpa.AbstractEntityManagerFactoryBean.buildNativeEntityManagerFactory(AbstractEntityManagerFactoryBean.java:391)
	at java.util.concurrent.FutureTask.run(FutureTask.java:266)
	at java.util.concurrent.ThreadPoolExecutor.runWorker(ThreadPoolExecutor.java:1149)
	at java.util.concurrent.ThreadPoolExecutor$Worker.run(ThreadPoolExecutor.java:624)
	at java.lang.Thread.run(Thread.java:748)
2021-04-28 11:41:29,655 WARN org.hibernate.engine.jdbc.env.internal.JdbcEnvironmentInitiator [task-1] HHH000342: Could not obtain connection to query metadata : Access denied for user 'root'@'localhost' (using password: NO)
2021-04-28 11:41:29,689 INFO org.hibernate.dialect.Dialect [task-1] HHH000400: Using dialect: org.hibernate.dialect.MySQL5InnoDBDialect
2021-04-28 11:41:29,770 DEBUG org.hibernate.type.spi.TypeConfiguration$Scope [task-1] Scoping TypeConfiguration [org.hibernate.type.spi.TypeConfiguration@46779b5] to MetadataBuildingContext [org.hibernate.boot.internal.MetadataBuildingContextRootImpl@1cb49b35]
2021-04-28 11:41:30,099 DEBUG org.hibernate.type.spi.TypeConfiguration$Scope [task-1] Scoping TypeConfiguration [org.hibernate.type.spi.TypeConfiguration@46779b5] to SessionFactoryImpl [org.hibernate.internal.SessionFactoryImpl@780d88f0]
2021-04-28 11:41:30,949 INFO com.zaxxer.hikari.HikariDataSource [task-1] HikariPool-1 - Starting...
2021-04-28 11:41:32,005 ERROR com.zaxxer.hikari.pool.HikariPool [task-1] HikariPool-1 - Exception during pool initialization.
java.sql.SQLException: Access denied for user 'root'@'localhost' (using password: NO)
	at com.mysql.cj.jdbc.exceptions.SQLError.createSQLException(SQLError.java:129)
	at com.mysql.cj.jdbc.exceptions.SQLError.createSQLException(SQLError.java:97)
	at com.mysql.cj.jdbc.exceptions.SQLExceptionsMapping.translateException(SQLExceptionsMapping.java:122)
	at com.mysql.cj.jdbc.ConnectionImpl.createNewIO(ConnectionImpl.java:836)
	at com.mysql.cj.jdbc.ConnectionImpl.<init>(ConnectionImpl.java:456)
	at com.mysql.cj.jdbc.ConnectionImpl.getInstance(ConnectionImpl.java:246)
	at com.mysql.cj.jdbc.NonRegisteringDriver.connect(NonRegisteringDriver.java:197)
	at com.zaxxer.hikari.util.DriverDataSource.getConnection(DriverDataSource.java:138)
	at com.zaxxer.hikari.pool.PoolBase.newConnection(PoolBase.java:358)
	at com.zaxxer.hikari.pool.PoolBase.newPoolEntry(PoolBase.java:206)
	at com.zaxxer.hikari.pool.HikariPool.createPoolEntry(HikariPool.java:477)
	at com.zaxxer.hikari.pool.HikariPool.checkFailFast(HikariPool.java:560)
	at com.zaxxer.hikari.pool.HikariPool.<init>(HikariPool.java:115)
	at com.zaxxer.hikari.HikariDataSource.getConnection(HikariDataSource.java:112)
	at org.hibernate.engine.jdbc.connections.internal.DatasourceConnectionProviderImpl.getConnection(DatasourceConnectionProviderImpl.java:122)
	at org.hibernate.engine.jdbc.env.internal.JdbcEnvironmentInitiator$ConnectionProviderJdbcConnectionAccess.obtainConnection(JdbcEnvironmentInitiator.java:180)
	at org.hibernate.resource.transaction.backend.jdbc.internal.DdlTransactionIsolatorNonJtaImpl.getIsolatedConnection(DdlTransactionIsolatorNonJtaImpl.java:43)
	at org.hibernate.tool.schema.internal.exec.ImprovedExtractionContextImpl.getJdbcConnection(ImprovedExtractionContextImpl.java:60)
	at org.hibernate.tool.schema.internal.exec.ImprovedExtractionContextImpl.getJdbcDatabaseMetaData(ImprovedExtractionContextImpl.java:67)
	at org.hibernate.tool.schema.extract.internal.InformationExtractorJdbcDatabaseMetaDataImpl.getTables(InformationExtractorJdbcDatabaseMetaDataImpl.java:333)
	at org.hibernate.tool.schema.extract.internal.DatabaseInformationImpl.getTablesInformation(DatabaseInformationImpl.java:120)
	at org.hibernate.tool.schema.internal.GroupedSchemaMigratorImpl.performTablesMigration(GroupedSchemaMigratorImpl.java:65)
	at org.hibernate.tool.schema.internal.AbstractSchemaMigrator.performMigration(AbstractSchemaMigrator.java:207)
	at org.hibernate.tool.schema.internal.AbstractSchemaMigrator.doMigration(AbstractSchemaMigrator.java:114)
	at org.hibernate.tool.schema.spi.SchemaManagementToolCoordinator.performDatabaseAction(SchemaManagementToolCoordinator.java:184)
	at org.hibernate.tool.schema.spi.SchemaManagementToolCoordinator.process(SchemaManagementToolCoordinator.java:73)
	at org.hibernate.internal.SessionFactoryImpl.<init>(SessionFactoryImpl.java:316)
	at org.hibernate.boot.internal.SessionFactoryBuilderImpl.build(SessionFactoryBuilderImpl.java:469)
	at org.hibernate.jpa.boot.internal.EntityManagerFactoryBuilderImpl.build(EntityManagerFactoryBuilderImpl.java:1259)
	at org.springframework.orm.jpa.vendor.SpringHibernateJpaPersistenceProvider.createContainerEntityManagerFactory(SpringHibernateJpaPersistenceProvider.java:58)
	at org.springframework.orm.jpa.LocalContainerEntityManagerFactoryBean.createNativeEntityManagerFactory(LocalContainerEntityManagerFactoryBean.java:365)
	at org.springframework.orm.jpa.AbstractEntityManagerFactoryBean.buildNativeEntityManagerFactory(AbstractEntityManagerFactoryBean.java:391)
	at java.util.concurrent.FutureTask.run(FutureTask.java:266)
	at java.util.concurrent.ThreadPoolExecutor.runWorker(ThreadPoolExecutor.java:1149)
	at java.util.concurrent.ThreadPoolExecutor$Worker.run(ThreadPoolExecutor.java:624)
	at java.lang.Thread.run(Thread.java:748)
2021-04-28 11:41:32,005 WARN org.hibernate.engine.jdbc.spi.SqlExceptionHelper [task-1] SQL Error: 1045, SQLState: 28000
2021-04-28 11:41:32,005 ERROR org.hibernate.engine.jdbc.spi.SqlExceptionHelper [task-1] Access denied for user 'root'@'localhost' (using password: NO)
2021-04-28 11:41:32,005 TRACE org.hibernate.type.spi.TypeConfiguration$Scope [task-1] Handling #sessionFactoryClosed from [org.hibernate.internal.SessionFactoryImpl@780d88f0] for TypeConfiguration
2021-04-28 11:41:32,021 DEBUG org.hibernate.type.spi.TypeConfiguration$Scope [task-1] Un-scoping TypeConfiguration [org.hibernate.type.spi.TypeConfiguration$Scope@659b6e9] from SessionFactory [org.hibernate.internal.SessionFactoryImpl@780d88f0]
2021-04-28 11:41:32,030 WARN org.springframework.boot.web.servlet.context.AnnotationConfigServletWebServerApplicationContext [restartedMain] Exception encountered during context initialization - cancelling refresh attempt: org.springframework.beans.factory.BeanCreationException: Error creating bean with name 'vocabularyRepository' defined in com.codegym.englishbackend.repositories.VocabularyRepository defined in @EnableJpaRepositories declared on JpaRepositoriesRegistrar.EnableJpaRepositoriesConfiguration: Cannot resolve reference to bean 'jpaMappingContext' while setting bean property 'mappingContext'; nested exception is org.springframework.beans.factory.BeanCreationException: Error creating bean with name 'jpaMappingContext': Invocation of init method failed; nested exception is javax.persistence.PersistenceException: [PersistenceUnit: default] Unable to build Hibernate SessionFactory; nested exception is org.hibernate.exception.GenericJDBCException: Unable to open JDBC Connection for DDL execution
2021-04-28 11:41:32,036 INFO org.springframework.orm.jpa.LocalContainerEntityManagerFactoryBean [restartedMain] Closing JPA EntityManagerFactory for persistence unit 'default'
2021-04-28 11:41:32,037 WARN org.springframework.beans.factory.support.DisposableBeanAdapter [restartedMain] Invocation of destroy method failed on bean with name 'entityManagerFactory': javax.persistence.PersistenceException: [PersistenceUnit: default] Unable to build Hibernate SessionFactory; nested exception is org.hibernate.exception.GenericJDBCException: Unable to open JDBC Connection for DDL execution
2021-04-28 11:41:32,037 INFO org.springframework.scheduling.concurrent.ThreadPoolTaskExecutor [restartedMain] Shutting down ExecutorService 'applicationTaskExecutor'
2021-04-28 11:41:32,206 INFO org.ehcache.core.EhcacheManager [restartedMain] Cache 'multiplyCache' removed from EhcacheManager.
2021-04-28 11:41:32,259 INFO org.ehcache.core.EhcacheManager [restartedMain] Cache 'studentCache' removed from EhcacheManager.
2021-04-28 11:41:32,333 INFO org.ehcache.core.EhcacheManager [restartedMain] Cache 'areaOfCircleCache' removed from EhcacheManager.
2021-04-28 11:41:32,379 INFO org.ehcache.core.EhcacheManager [restartedMain] Cache 'powCache' removed from EhcacheManager.
2021-04-28 11:41:32,751 INFO org.apache.catalina.core.StandardService [restartedMain] Stopping service [Tomcat]
2021-04-28 11:41:32,832 INFO org.springframework.boot.autoconfigure.logging.ConditionEvaluationReportLoggingListener [restartedMain] 

Error starting ApplicationContext. To display the conditions report re-run your application with 'debug' enabled.
2021-04-28 11:41:32,858 ERROR org.springframework.boot.SpringApplication [restartedMain] Application run failed
org.springframework.beans.factory.BeanCreationException: Error creating bean with name 'vocabularyRepository' defined in com.codegym.englishbackend.repositories.VocabularyRepository defined in @EnableJpaRepositories declared on JpaRepositoriesRegistrar.EnableJpaRepositoriesConfiguration: Cannot resolve reference to bean 'jpaMappingContext' while setting bean property 'mappingContext'; nested exception is org.springframework.beans.factory.BeanCreationException: Error creating bean with name 'jpaMappingContext': Invocation of init method failed; nested exception is javax.persistence.PersistenceException: [PersistenceUnit: default] Unable to build Hibernate SessionFactory; nested exception is org.hibernate.exception.GenericJDBCException: Unable to open JDBC Connection for DDL execution
	at org.springframework.beans.factory.support.BeanDefinitionValueResolver.resolveReference(BeanDefinitionValueResolver.java:342)
	at org.springframework.beans.factory.support.BeanDefinitionValueResolver.resolveValueIfNecessary(BeanDefinitionValueResolver.java:113)
	at org.springframework.beans.factory.support.AbstractAutowireCapableBeanFactory.applyPropertyValues(AbstractAutowireCapableBeanFactory.java:1697)
	at org.springframework.beans.factory.support.AbstractAutowireCapableBeanFactory.populateBean(AbstractAutowireCapableBeanFactory.java:1442)
	at org.springframework.beans.factory.support.AbstractAutowireCapableBeanFactory.doCreateBean(AbstractAutowireCapableBeanFactory.java:593)
	at org.springframework.beans.factory.support.AbstractAutowireCapableBeanFactory.createBean(AbstractAutowireCapableBeanFactory.java:516)
	at org.springframework.beans.factory.support.AbstractBeanFactory.lambda$doGetBean$0(AbstractBeanFactory.java:324)
	at org.springframework.beans.factory.support.DefaultSingletonBeanRegistry.getSingleton(DefaultSingletonBeanRegistry.java:234)
	at org.springframework.beans.factory.support.AbstractBeanFactory.doGetBean(AbstractBeanFactory.java:322)
	at org.springframework.beans.factory.support.AbstractBeanFactory.getBean(AbstractBeanFactory.java:202)
	at org.springframework.beans.factory.support.DefaultListableBeanFactory.getBeansOfType(DefaultListableBeanFactory.java:624)
	at org.springframework.beans.factory.support.DefaultListableBeanFactory.getBeansOfType(DefaultListableBeanFactory.java:612)
	at org.springframework.data.repository.config.DeferredRepositoryInitializationListener.onApplicationEvent(DeferredRepositoryInitializationListener.java:51)
	at org.springframework.data.repository.config.DeferredRepositoryInitializationListener.onApplicationEvent(DeferredRepositoryInitializationListener.java:36)
	at org.springframework.context.event.SimpleApplicationEventMulticaster.doInvokeListener(SimpleApplicationEventMulticaster.java:172)
	at org.springframework.context.event.SimpleApplicationEventMulticaster.invokeListener(SimpleApplicationEventMulticaster.java:165)
	at org.springframework.context.event.SimpleApplicationEventMulticaster.multicastEvent(SimpleApplicationEventMulticaster.java:139)
	at org.springframework.context.support.AbstractApplicationContext.publishEvent(AbstractApplicationContext.java:404)
	at org.springframework.context.support.AbstractApplicationContext.publishEvent(AbstractApplicationContext.java:361)
	at org.springframework.context.support.AbstractApplicationContext.finishRefresh(AbstractApplicationContext.java:898)
	at org.springframework.context.support.AbstractApplicationContext.refresh(AbstractApplicationContext.java:554)
	at org.springframework.boot.web.servlet.context.ServletWebServerApplicationContext.refresh(ServletWebServerApplicationContext.java:143)
	at org.springframework.boot.SpringApplication.refresh(SpringApplication.java:758)
	at org.springframework.boot.SpringApplication.refresh(SpringApplication.java:750)
	at org.springframework.boot.SpringApplication.refreshContext(SpringApplication.java:397)
	at org.springframework.boot.SpringApplication.run(SpringApplication.java:315)
	at org.springframework.boot.SpringApplication.run(SpringApplication.java:1237)
	at org.springframework.boot.SpringApplication.run(SpringApplication.java:1226)
	at com.codegym.englishbackend.EnglishBackendApplication.main(EnglishBackendApplication.java:10)
	at sun.reflect.NativeMethodAccessorImpl.invoke0(Native Method)
	at sun.reflect.NativeMethodAccessorImpl.invoke(NativeMethodAccessorImpl.java:62)
	at sun.reflect.DelegatingMethodAccessorImpl.invoke(DelegatingMethodAccessorImpl.java:43)
	at java.lang.reflect.Method.invoke(Method.java:498)
	at org.springframework.boot.devtools.restart.RestartLauncher.run(RestartLauncher.java:49)
Caused by: org.springframework.beans.factory.BeanCreationException: Error creating bean with name 'jpaMappingContext': Invocation of init method failed; nested exception is javax.persistence.PersistenceException: [PersistenceUnit: default] Unable to build Hibernate SessionFactory; nested exception is org.hibernate.exception.GenericJDBCException: Unable to open JDBC Connection for DDL execution
	at org.springframework.beans.factory.support.AbstractAutowireCapableBeanFactory.initializeBean(AbstractAutowireCapableBeanFactory.java:1794)
	at org.springframework.beans.factory.support.AbstractAutowireCapableBeanFactory.doCreateBean(AbstractAutowireCapableBeanFactory.java:594)
	at org.springframework.beans.factory.support.AbstractAutowireCapableBeanFactory.createBean(AbstractAutowireCapableBeanFactory.java:516)
	at org.springframework.beans.factory.support.AbstractBeanFactory.lambda$doGetBean$0(AbstractBeanFactory.java:324)
	at org.springframework.beans.factory.support.DefaultSingletonBeanRegistry.getSingleton(DefaultSingletonBeanRegistry.java:234)
	at org.springframework.beans.factory.support.AbstractBeanFactory.doGetBean(AbstractBeanFactory.java:322)
	at org.springframework.beans.factory.support.AbstractBeanFactory.getBean(AbstractBeanFactory.java:202)
	at org.springframework.beans.factory.support.BeanDefinitionValueResolver.resolveReference(BeanDefinitionValueResolver.java:330)
	... 33 common frames omitted
Caused by: javax.persistence.PersistenceException: [PersistenceUnit: default] Unable to build Hibernate SessionFactory; nested exception is org.hibernate.exception.GenericJDBCException: Unable to open JDBC Connection for DDL execution
	at org.springframework.orm.jpa.AbstractEntityManagerFactoryBean.buildNativeEntityManagerFactory(AbstractEntityManagerFactoryBean.java:403)
	at java.util.concurrent.FutureTask.run(FutureTask.java:266)
	at java.util.concurrent.ThreadPoolExecutor.runWorker(ThreadPoolExecutor.java:1149)
	at java.util.concurrent.ThreadPoolExecutor$Worker.run(ThreadPoolExecutor.java:624)
	at java.lang.Thread.run(Thread.java:748)
Caused by: org.hibernate.exception.GenericJDBCException: Unable to open JDBC Connection for DDL execution
	at org.hibernate.exception.internal.StandardSQLExceptionConverter.convert(StandardSQLExceptionConverter.java:47)
	at org.hibernate.engine.jdbc.spi.SqlExceptionHelper.convert(SqlExceptionHelper.java:113)
	at org.hibernate.engine.jdbc.spi.SqlExceptionHelper.convert(SqlExceptionHelper.java:99)
	at org.hibernate.resource.transaction.backend.jdbc.internal.DdlTransactionIsolatorNonJtaImpl.getIsolatedConnection(DdlTransactionIsolatorNonJtaImpl.java:69)
	at org.hibernate.tool.schema.internal.exec.ImprovedExtractionContextImpl.getJdbcConnection(ImprovedExtractionContextImpl.java:60)
	at org.hibernate.tool.schema.internal.exec.ImprovedExtractionContextImpl.getJdbcDatabaseMetaData(ImprovedExtractionContextImpl.java:67)
	at org.hibernate.tool.schema.extract.internal.InformationExtractorJdbcDatabaseMetaDataImpl.getTables(InformationExtractorJdbcDatabaseMetaDataImpl.java:333)
	at org.hibernate.tool.schema.extract.internal.DatabaseInformationImpl.getTablesInformation(DatabaseInformationImpl.java:120)
	at org.hibernate.tool.schema.internal.GroupedSchemaMigratorImpl.performTablesMigration(GroupedSchemaMigratorImpl.java:65)
	at org.hibernate.tool.schema.internal.AbstractSchemaMigrator.performMigration(AbstractSchemaMigrator.java:207)
	at org.hibernate.tool.schema.internal.AbstractSchemaMigrator.doMigration(AbstractSchemaMigrator.java:114)
	at org.hibernate.tool.schema.spi.SchemaManagementToolCoordinator.performDatabaseAction(SchemaManagementToolCoordinator.java:184)
	at org.hibernate.tool.schema.spi.SchemaManagementToolCoordinator.process(SchemaManagementToolCoordinator.java:73)
	at org.hibernate.internal.SessionFactoryImpl.<init>(SessionFactoryImpl.java:316)
	at org.hibernate.boot.internal.SessionFactoryBuilderImpl.build(SessionFactoryBuilderImpl.java:469)
	at org.hibernate.jpa.boot.internal.EntityManagerFactoryBuilderImpl.build(EntityManagerFactoryBuilderImpl.java:1259)
	at org.springframework.orm.jpa.vendor.SpringHibernateJpaPersistenceProvider.createContainerEntityManagerFactory(SpringHibernateJpaPersistenceProvider.java:58)
	at org.springframework.orm.jpa.LocalContainerEntityManagerFactoryBean.createNativeEntityManagerFactory(LocalContainerEntityManagerFactoryBean.java:365)
	at org.springframework.orm.jpa.AbstractEntityManagerFactoryBean.buildNativeEntityManagerFactory(AbstractEntityManagerFactoryBean.java:391)
	... 4 common frames omitted
Caused by: java.sql.SQLException: Access denied for user 'root'@'localhost' (using password: NO)
	at com.mysql.cj.jdbc.exceptions.SQLError.createSQLException(SQLError.java:129)
	at com.mysql.cj.jdbc.exceptions.SQLError.createSQLException(SQLError.java:97)
	at com.mysql.cj.jdbc.exceptions.SQLExceptionsMapping.translateException(SQLExceptionsMapping.java:122)
	at com.mysql.cj.jdbc.ConnectionImpl.createNewIO(ConnectionImpl.java:836)
	at com.mysql.cj.jdbc.ConnectionImpl.<init>(ConnectionImpl.java:456)
	at com.mysql.cj.jdbc.ConnectionImpl.getInstance(ConnectionImpl.java:246)
	at com.mysql.cj.jdbc.NonRegisteringDriver.connect(NonRegisteringDriver.java:197)
	at com.zaxxer.hikari.util.DriverDataSource.getConnection(DriverDataSource.java:138)
	at com.zaxxer.hikari.pool.PoolBase.newConnection(PoolBase.java:358)
	at com.zaxxer.hikari.pool.PoolBase.newPoolEntry(PoolBase.java:206)
	at com.zaxxer.hikari.pool.HikariPool.createPoolEntry(HikariPool.java:477)
	at com.zaxxer.hikari.pool.HikariPool.checkFailFast(HikariPool.java:560)
	at com.zaxxer.hikari.pool.HikariPool.<init>(HikariPool.java:115)
	at com.zaxxer.hikari.HikariDataSource.getConnection(HikariDataSource.java:112)
	at org.hibernate.engine.jdbc.connections.internal.DatasourceConnectionProviderImpl.getConnection(DatasourceConnectionProviderImpl.java:122)
	at org.hibernate.engine.jdbc.env.internal.JdbcEnvironmentInitiator$ConnectionProviderJdbcConnectionAccess.obtainConnection(JdbcEnvironmentInitiator.java:180)
	at org.hibernate.resource.transaction.backend.jdbc.internal.DdlTransactionIsolatorNonJtaImpl.getIsolatedConnection(DdlTransactionIsolatorNonJtaImpl.java:43)
	... 19 common frames omitted
2021-04-28 11:42:40,201 INFO com.codegym.englishbackend.EnglishBackendApplication [restartedMain] Starting EnglishBackendApplication on LAPTOP-AMEKJ7JM with PID 4304 (D:\Project\Java\english-backend\target\classes started by User in D:\Project\Java\english-backend)
2021-04-28 11:42:40,204 INFO com.codegym.englishbackend.EnglishBackendApplication [restartedMain] No active profile set, falling back to default profiles: default
2021-04-28 11:42:40,257 INFO org.springframework.boot.devtools.env.DevToolsPropertyDefaultsPostProcessor [restartedMain] Devtools property defaults active! Set 'spring.devtools.add-properties' to 'false' to disable
2021-04-28 11:42:40,257 INFO org.springframework.boot.devtools.env.DevToolsPropertyDefaultsPostProcessor [restartedMain] For additional web related logging consider setting the 'logging.level.web' property to 'DEBUG'
2021-04-28 11:42:41,196 INFO org.springframework.data.repository.config.RepositoryConfigurationDelegate [restartedMain] Bootstrapping Spring Data JPA repositories in DEFERRED mode.
2021-04-28 11:42:41,311 INFO org.springframework.data.repository.config.RepositoryConfigurationDelegate [restartedMain] Finished Spring Data repository scanning in 92ms. Found 2 JPA repository interfaces.
2021-04-28 11:42:41,756 INFO org.springframework.context.support.PostProcessorRegistrationDelegate$BeanPostProcessorChecker [restartedMain] Bean 'org.springframework.security.access.expression.method.DefaultMethodSecurityExpressionHandler@6974f8e' of type [org.springframework.security.access.expression.method.DefaultMethodSecurityExpressionHandler] is not eligible for getting processed by all BeanPostProcessors (for example: not eligible for auto-proxying)
2021-04-28 11:42:41,763 INFO org.springframework.context.support.PostProcessorRegistrationDelegate$BeanPostProcessorChecker [restartedMain] Bean 'methodSecurityMetadataSource' of type [org.springframework.security.access.method.DelegatingMethodSecurityMetadataSource] is not eligible for getting processed by all BeanPostProcessors (for example: not eligible for auto-proxying)
2021-04-28 11:42:42,223 INFO org.springframework.boot.web.embedded.tomcat.TomcatWebServer [restartedMain] Tomcat initialized with port(s): 8081 (http)
2021-04-28 11:42:42,225 INFO org.apache.catalina.core.StandardService [restartedMain] Starting service [Tomcat]
2021-04-28 11:42:42,225 INFO org.apache.catalina.core.StandardEngine [restartedMain] Starting Servlet engine: [Apache Tomcat/9.0.38]
2021-04-28 11:42:42,425 INFO org.apache.catalina.core.ContainerBase.[Tomcat].[localhost].[/] [restartedMain] Initializing Spring embedded WebApplicationContext
2021-04-28 11:42:42,425 INFO org.springframework.boot.web.servlet.context.ServletWebServerApplicationContext [restartedMain] Root WebApplicationContext: initialization completed in 2168 ms
2021-04-28 11:42:43,681 INFO org.terracotta.offheapstore.paging.UpfrontAllocatingPageSource [restartedMain] Allocating 10.0MB in chunks
2021-04-28 11:42:43,740 INFO org.ehcache.impl.internal.store.disk.OffHeapDiskStore [restartedMain] The index for data file ehcache-disk-store.data is more recent than the data file itself by 6322ms : this is harmless.
2021-04-28 11:42:43,812 INFO org.ehcache.core.EhcacheManager [restartedMain] Cache 'multiplyCache' created in EhcacheManager.
2021-04-28 11:42:43,827 INFO org.terracotta.offheapstore.paging.UpfrontAllocatingPageSource [restartedMain] Allocating 10.0MB in chunks
2021-04-28 11:42:43,838 INFO org.ehcache.impl.internal.store.disk.OffHeapDiskStore [restartedMain] The index for data file ehcache-disk-store.data is more recent than the data file itself by 6294ms : this is harmless.
2021-04-28 11:42:43,883 INFO org.ehcache.core.EhcacheManager [restartedMain] Cache 'studentCache' created in EhcacheManager.
2021-04-28 11:42:43,896 INFO org.terracotta.offheapstore.paging.UpfrontAllocatingPageSource [restartedMain] Allocating 10.0MB in chunks
2021-04-28 11:42:43,910 INFO org.ehcache.impl.internal.store.disk.OffHeapDiskStore [restartedMain] The index for data file ehcache-disk-store.data is more recent than the data file itself by 6283ms : this is harmless.
2021-04-28 11:42:43,956 INFO org.ehcache.core.EhcacheManager [restartedMain] Cache 'areaOfCircleCache' created in EhcacheManager.
2021-04-28 11:42:43,969 INFO org.terracotta.offheapstore.paging.UpfrontAllocatingPageSource [restartedMain] Allocating 10.0MB in chunks
2021-04-28 11:42:43,982 INFO org.ehcache.impl.internal.store.disk.OffHeapDiskStore [restartedMain] The index for data file ehcache-disk-store.data is more recent than the data file itself by 6249ms : this is harmless.
2021-04-28 11:42:44,030 INFO org.ehcache.core.EhcacheManager [restartedMain] Cache 'powCache' created in EhcacheManager.
2021-04-28 11:42:44,127 INFO org.ehcache.jsr107.Eh107CacheManager [restartedMain] Registering Ehcache MBean javax.cache:type=CacheStatistics,CacheManager=file./D./Project/Java/english-backend/target/classes/ehcache.xml,Cache=multiplyCache
2021-04-28 11:42:44,130 INFO org.ehcache.jsr107.Eh107CacheManager [restartedMain] Registering Ehcache MBean javax.cache:type=CacheStatistics,CacheManager=file./D./Project/Java/english-backend/target/classes/ehcache.xml,Cache=studentCache
2021-04-28 11:42:44,131 INFO org.ehcache.jsr107.Eh107CacheManager [restartedMain] Registering Ehcache MBean javax.cache:type=CacheStatistics,CacheManager=file./D./Project/Java/english-backend/target/classes/ehcache.xml,Cache=areaOfCircleCache
2021-04-28 11:42:44,131 INFO org.ehcache.jsr107.Eh107CacheManager [restartedMain] Registering Ehcache MBean javax.cache:type=CacheStatistics,CacheManager=file./D./Project/Java/english-backend/target/classes/ehcache.xml,Cache=powCache
2021-04-28 11:42:44,136 INFO org.ehcache.jsr107.Eh107CacheManager [restartedMain] Registering Ehcache MBean javax.cache:type=CacheStatistics,CacheManager=file./D./Project/Java/english-backend/target/classes/ehcache.xml,Cache=multiplyCache
2021-04-28 11:42:44,142 INFO org.ehcache.jsr107.Eh107CacheManager [restartedMain] Registering Ehcache MBean javax.cache:type=CacheStatistics,CacheManager=file./D./Project/Java/english-backend/target/classes/ehcache.xml,Cache=studentCache
2021-04-28 11:42:44,143 INFO org.ehcache.jsr107.Eh107CacheManager [restartedMain] Registering Ehcache MBean javax.cache:type=CacheStatistics,CacheManager=file./D./Project/Java/english-backend/target/classes/ehcache.xml,Cache=areaOfCircleCache
2021-04-28 11:42:44,143 INFO org.ehcache.jsr107.Eh107CacheManager [restartedMain] Registering Ehcache MBean javax.cache:type=CacheStatistics,CacheManager=file./D./Project/Java/english-backend/target/classes/ehcache.xml,Cache=powCache
2021-04-28 11:42:44,298 INFO org.springframework.scheduling.concurrent.ThreadPoolTaskExecutor [restartedMain] Initializing ExecutorService 'applicationTaskExecutor'
2021-04-28 11:42:44,344 INFO org.hibernate.jpa.internal.util.LogHelper [task-1] HHH000204: Processing PersistenceUnitInfo [name: default]
2021-04-28 11:42:44,393 INFO org.hibernate.Version [task-1] HHH000412: Hibernate ORM core version 5.4.21.Final
2021-04-28 11:42:44,439 WARN org.springframework.boot.autoconfigure.orm.jpa.JpaBaseConfiguration$JpaWebConfiguration [restartedMain] spring.jpa.open-in-view is enabled by default. Therefore, database queries may be performed during view rendering. Explicitly configure spring.jpa.open-in-view to disable this warning
2021-04-28 11:42:44,537 INFO org.hibernate.annotations.common.Version [task-1] HCANN000001: Hibernate Commons Annotations {5.1.0.Final}
2021-04-28 11:42:44,560 DEBUG org.hibernate.type.BasicTypeRegistry [task-1] Adding type registration boolean -> org.hibernate.type.BooleanType@60f3f1ae
2021-04-28 11:42:44,563 DEBUG org.hibernate.type.BasicTypeRegistry [task-1] Adding type registration boolean -> org.hibernate.type.BooleanType@60f3f1ae
2021-04-28 11:42:44,563 DEBUG org.hibernate.type.BasicTypeRegistry [task-1] Adding type registration java.lang.Boolean -> org.hibernate.type.BooleanType@60f3f1ae
2021-04-28 11:42:44,564 DEBUG org.hibernate.type.BasicTypeRegistry [task-1] Adding type registration numeric_boolean -> org.hibernate.type.NumericBooleanType@ea5764a
2021-04-28 11:42:44,565 DEBUG org.hibernate.type.BasicTypeRegistry [task-1] Adding type registration true_false -> org.hibernate.type.TrueFalseType@61b3cda4
2021-04-28 11:42:44,565 DEBUG org.hibernate.type.BasicTypeRegistry [task-1] Adding type registration yes_no -> org.hibernate.type.YesNoType@55302fb
2021-04-28 11:42:44,566 DEBUG org.hibernate.type.BasicTypeRegistry [task-1] Adding type registration byte -> org.hibernate.type.ByteType@53ba4d09
2021-04-28 11:42:44,566 DEBUG org.hibernate.type.BasicTypeRegistry [task-1] Adding type registration byte -> org.hibernate.type.ByteType@53ba4d09
2021-04-28 11:42:44,567 DEBUG org.hibernate.type.BasicTypeRegistry [task-1] Adding type registration java.lang.Byte -> org.hibernate.type.ByteType@53ba4d09
2021-04-28 11:42:44,567 DEBUG org.hibernate.type.BasicTypeRegistry [task-1] Adding type registration character -> org.hibernate.type.CharacterType@6a60399f
2021-04-28 11:42:44,567 DEBUG org.hibernate.type.BasicTypeRegistry [task-1] Adding type registration char -> org.hibernate.type.CharacterType@6a60399f
2021-04-28 11:42:44,567 DEBUG org.hibernate.type.BasicTypeRegistry [task-1] Adding type registration java.lang.Character -> org.hibernate.type.CharacterType@6a60399f
2021-04-28 11:42:44,568 DEBUG org.hibernate.type.BasicTypeRegistry [task-1] Adding type registration short -> org.hibernate.type.ShortType@15d3acb2
2021-04-28 11:42:44,569 DEBUG org.hibernate.type.BasicTypeRegistry [task-1] Adding type registration short -> org.hibernate.type.ShortType@15d3acb2
2021-04-28 11:42:44,569 DEBUG org.hibernate.type.BasicTypeRegistry [task-1] Adding type registration java.lang.Short -> org.hibernate.type.ShortType@15d3acb2
2021-04-28 11:42:44,569 DEBUG org.hibernate.type.BasicTypeRegistry [task-1] Adding type registration integer -> org.hibernate.type.IntegerType@6db97527
2021-04-28 11:42:44,569 DEBUG org.hibernate.type.BasicTypeRegistry [task-1] Adding type registration int -> org.hibernate.type.IntegerType@6db97527
2021-04-28 11:42:44,570 DEBUG org.hibernate.type.BasicTypeRegistry [task-1] Adding type registration java.lang.Integer -> org.hibernate.type.IntegerType@6db97527
2021-04-28 11:42:44,570 DEBUG org.hibernate.type.BasicTypeRegistry [task-1] Adding type registration long -> org.hibernate.type.LongType@a04d760
2021-04-28 11:42:44,570 DEBUG org.hibernate.type.BasicTypeRegistry [task-1] Adding type registration long -> org.hibernate.type.LongType@a04d760
2021-04-28 11:42:44,571 DEBUG org.hibernate.type.BasicTypeRegistry [task-1] Adding type registration java.lang.Long -> org.hibernate.type.LongType@a04d760
2021-04-28 11:42:44,572 DEBUG org.hibernate.type.BasicTypeRegistry [task-1] Adding type registration float -> org.hibernate.type.FloatType@7fc65af9
2021-04-28 11:42:44,572 DEBUG org.hibernate.type.BasicTypeRegistry [task-1] Adding type registration float -> org.hibernate.type.FloatType@7fc65af9
2021-04-28 11:42:44,572 DEBUG org.hibernate.type.BasicTypeRegistry [task-1] Adding type registration java.lang.Float -> org.hibernate.type.FloatType@7fc65af9
2021-04-28 11:42:44,573 DEBUG org.hibernate.type.BasicTypeRegistry [task-1] Adding type registration double -> org.hibernate.type.DoubleType@51ccd8fb
2021-04-28 11:42:44,573 DEBUG org.hibernate.type.BasicTypeRegistry [task-1] Adding type registration double -> org.hibernate.type.DoubleType@51ccd8fb
2021-04-28 11:42:44,574 DEBUG org.hibernate.type.BasicTypeRegistry [task-1] Adding type registration java.lang.Double -> org.hibernate.type.DoubleType@51ccd8fb
2021-04-28 11:42:44,575 DEBUG org.hibernate.type.BasicTypeRegistry [task-1] Adding type registration big_decimal -> org.hibernate.type.BigDecimalType@51450a1e
2021-04-28 11:42:44,575 DEBUG org.hibernate.type.BasicTypeRegistry [task-1] Adding type registration java.math.BigDecimal -> org.hibernate.type.BigDecimalType@51450a1e
2021-04-28 11:42:44,575 DEBUG org.hibernate.type.BasicTypeRegistry [task-1] Adding type registration big_integer -> org.hibernate.type.BigIntegerType@2d5d3a1b
2021-04-28 11:42:44,576 DEBUG org.hibernate.type.BasicTypeRegistry [task-1] Adding type registration java.math.BigInteger -> org.hibernate.type.BigIntegerType@2d5d3a1b
2021-04-28 11:42:44,576 DEBUG org.hibernate.type.BasicTypeRegistry [task-1] Adding type registration string -> org.hibernate.type.StringType@f75d376
2021-04-28 11:42:44,576 DEBUG org.hibernate.type.BasicTypeRegistry [task-1] Adding type registration java.lang.String -> org.hibernate.type.StringType@f75d376
2021-04-28 11:42:44,577 DEBUG org.hibernate.type.BasicTypeRegistry [task-1] Adding type registration nstring -> org.hibernate.type.StringNVarcharType@36313e9d
2021-04-28 11:42:44,577 DEBUG org.hibernate.type.BasicTypeRegistry [task-1] Adding type registration ncharacter -> org.hibernate.type.CharacterNCharType@3071a707
2021-04-28 11:42:44,578 DEBUG org.hibernate.type.BasicTypeRegistry [task-1] Adding type registration url -> org.hibernate.type.UrlType@3fc85d60
2021-04-28 11:42:44,579 DEBUG org.hibernate.type.BasicTypeRegistry [task-1] Adding type registration java.net.URL -> org.hibernate.type.UrlType@3fc85d60
2021-04-28 11:42:44,580 DEBUG org.hibernate.type.BasicTypeRegistry [task-1] Adding type registration Duration -> org.hibernate.type.DurationType@42ec4e44
2021-04-28 11:42:44,580 DEBUG org.hibernate.type.BasicTypeRegistry [task-1] Adding type registration java.time.Duration -> org.hibernate.type.DurationType@42ec4e44
2021-04-28 11:42:44,581 DEBUG org.hibernate.type.BasicTypeRegistry [task-1] Adding type registration Instant -> org.hibernate.type.InstantType@10d61c13
2021-04-28 11:42:44,581 DEBUG org.hibernate.type.BasicTypeRegistry [task-1] Adding type registration java.time.Instant -> org.hibernate.type.InstantType@10d61c13
2021-04-28 11:42:44,582 DEBUG org.hibernate.type.BasicTypeRegistry [task-1] Adding type registration LocalDateTime -> org.hibernate.type.LocalDateTimeType@4989d832
2021-04-28 11:42:44,582 DEBUG org.hibernate.type.BasicTypeRegistry [task-1] Adding type registration java.time.LocalDateTime -> org.hibernate.type.LocalDateTimeType@4989d832
2021-04-28 11:42:44,582 DEBUG org.hibernate.type.BasicTypeRegistry [task-1] Adding type registration LocalDate -> org.hibernate.type.LocalDateType@457c0459
2021-04-28 11:42:44,582 DEBUG org.hibernate.type.BasicTypeRegistry [task-1] Adding type registration java.time.LocalDate -> org.hibernate.type.LocalDateType@457c0459
2021-04-28 11:42:44,584 DEBUG org.hibernate.type.BasicTypeRegistry [task-1] Adding type registration LocalTime -> org.hibernate.type.LocalTimeType@792ee3a8
2021-04-28 11:42:44,584 DEBUG org.hibernate.type.BasicTypeRegistry [task-1] Adding type registration java.time.LocalTime -> org.hibernate.type.LocalTimeType@792ee3a8
2021-04-28 11:42:44,584 DEBUG org.hibernate.type.BasicTypeRegistry [task-1] Adding type registration OffsetDateTime -> org.hibernate.type.OffsetDateTimeType@38c76ede
2021-04-28 11:42:44,584 DEBUG org.hibernate.type.BasicTypeRegistry [task-1] Adding type registration java.time.OffsetDateTime -> org.hibernate.type.OffsetDateTimeType@38c76ede
2021-04-28 11:42:44,586 DEBUG org.hibernate.type.BasicTypeRegistry [task-1] Adding type registration OffsetTime -> org.hibernate.type.OffsetTimeType@6bc5e948
2021-04-28 11:42:44,586 DEBUG org.hibernate.type.BasicTypeRegistry [task-1] Adding type registration java.time.OffsetTime -> org.hibernate.type.OffsetTimeType@6bc5e948
2021-04-28 11:42:44,588 DEBUG org.hibernate.type.BasicTypeRegistry [task-1] Adding type registration ZonedDateTime -> org.hibernate.type.ZonedDateTimeType@640e40bb
2021-04-28 11:42:44,589 DEBUG org.hibernate.type.BasicTypeRegistry [task-1] Adding type registration java.time.ZonedDateTime -> org.hibernate.type.ZonedDateTimeType@640e40bb
2021-04-28 11:42:44,590 DEBUG org.hibernate.type.BasicTypeRegistry [task-1] Adding type registration date -> org.hibernate.type.DateType@5132071d
2021-04-28 11:42:44,590 DEBUG org.hibernate.type.BasicTypeRegistry [task-1] Adding type registration java.sql.Date -> org.hibernate.type.DateType@5132071d
2021-04-28 11:42:44,591 DEBUG org.hibernate.type.BasicTypeRegistry [task-1] Adding type registration time -> org.hibernate.type.TimeType@4edeb1ce
2021-04-28 11:42:44,592 DEBUG org.hibernate.type.BasicTypeRegistry [task-1] Adding type registration java.sql.Time -> org.hibernate.type.TimeType@4edeb1ce
2021-04-28 11:42:44,593 DEBUG org.hibernate.type.BasicTypeRegistry [task-1] Adding type registration timestamp -> org.hibernate.type.TimestampType@70c49baf
2021-04-28 11:42:44,593 DEBUG org.hibernate.type.BasicTypeRegistry [task-1] Adding type registration java.sql.Timestamp -> org.hibernate.type.TimestampType@70c49baf
2021-04-28 11:42:44,593 DEBUG org.hibernate.type.BasicTypeRegistry [task-1] Adding type registration java.util.Date -> org.hibernate.type.TimestampType@70c49baf
2021-04-28 11:42:44,594 DEBUG org.hibernate.type.BasicTypeRegistry [task-1] Adding type registration dbtimestamp -> org.hibernate.type.DbTimestampType@1abeae8d
2021-04-28 11:42:44,596 DEBUG org.hibernate.type.BasicTypeRegistry [task-1] Adding type registration calendar -> org.hibernate.type.CalendarType@4fc97c9c
2021-04-28 11:42:44,596 DEBUG org.hibernate.type.BasicTypeRegistry [task-1] Adding type registration java.util.Calendar -> org.hibernate.type.CalendarType@4fc97c9c
2021-04-28 11:42:44,596 DEBUG org.hibernate.type.BasicTypeRegistry [task-1] Adding type registration java.util.GregorianCalendar -> org.hibernate.type.CalendarType@4fc97c9c
2021-04-28 11:42:44,597 DEBUG org.hibernate.type.BasicTypeRegistry [task-1] Adding type registration calendar_date -> org.hibernate.type.CalendarDateType@58af9c05
2021-04-28 11:42:44,597 DEBUG org.hibernate.type.BasicTypeRegistry [task-1] Adding type registration calendar_time -> org.hibernate.type.CalendarTimeType@5bdfb360
2021-04-28 11:42:44,598 DEBUG org.hibernate.type.BasicTypeRegistry [task-1] Adding type registration locale -> org.hibernate.type.LocaleType@2e1a7174
2021-04-28 11:42:44,598 DEBUG org.hibernate.type.BasicTypeRegistry [task-1] Adding type registration java.util.Locale -> org.hibernate.type.LocaleType@2e1a7174
2021-04-28 11:42:44,599 DEBUG org.hibernate.type.BasicTypeRegistry [task-1] Adding type registration currency -> org.hibernate.type.CurrencyType@495bccd0
2021-04-28 11:42:44,599 DEBUG org.hibernate.type.BasicTypeRegistry [task-1] Adding type registration java.util.Currency -> org.hibernate.type.CurrencyType@495bccd0
2021-04-28 11:42:44,600 INFO org.springframework.security.web.DefaultSecurityFilterChain [restartedMain] Creating filter chain: Ant [pattern='/authenticate', POST], []
2021-04-28 11:42:44,600 INFO org.springframework.security.web.DefaultSecurityFilterChain [restartedMain] Creating filter chain: Ant [pattern='/**', OPTIONS], []
2021-04-28 11:42:44,600 INFO org.springframework.security.web.DefaultSecurityFilterChain [restartedMain] Creating filter chain: Ant [pattern='/', GET], []
2021-04-28 11:42:44,600 INFO org.springframework.security.web.DefaultSecurityFilterChain [restartedMain] Creating filter chain: Ant [pattern='/h2-console/**/**'], []
2021-04-28 11:42:44,600 DEBUG org.hibernate.type.BasicTypeRegistry [task-1] Adding type registration timezone -> org.hibernate.type.TimeZoneType@13c02c74
2021-04-28 11:42:44,600 DEBUG org.hibernate.type.BasicTypeRegistry [task-1] Adding type registration java.util.TimeZone -> org.hibernate.type.TimeZoneType@13c02c74
2021-04-28 11:42:44,601 DEBUG org.hibernate.type.BasicTypeRegistry [task-1] Adding type registration class -> org.hibernate.type.ClassType@158747ac
2021-04-28 11:42:44,601 DEBUG org.hibernate.type.BasicTypeRegistry [task-1] Adding type registration java.lang.Class -> org.hibernate.type.ClassType@158747ac
2021-04-28 11:42:44,602 DEBUG org.hibernate.type.BasicTypeRegistry [task-1] Adding type registration uuid-binary -> org.hibernate.type.UUIDBinaryType@1995a1b0
2021-04-28 11:42:44,602 DEBUG org.hibernate.type.BasicTypeRegistry [task-1] Adding type registration java.util.UUID -> org.hibernate.type.UUIDBinaryType@1995a1b0
2021-04-28 11:42:44,603 DEBUG org.hibernate.type.BasicTypeRegistry [task-1] Adding type registration uuid-char -> org.hibernate.type.UUIDCharType@3b30f540
2021-04-28 11:42:44,604 DEBUG org.hibernate.type.BasicTypeRegistry [task-1] Adding type registration binary -> org.hibernate.type.BinaryType@79c9a9ea
2021-04-28 11:42:44,604 DEBUG org.hibernate.type.BasicTypeRegistry [task-1] Adding type registration byte[] -> org.hibernate.type.BinaryType@79c9a9ea
2021-04-28 11:42:44,604 DEBUG org.hibernate.type.BasicTypeRegistry [task-1] Adding type registration [B -> org.hibernate.type.BinaryType@79c9a9ea
2021-04-28 11:42:44,605 DEBUG org.hibernate.type.BasicTypeRegistry [task-1] Adding type registration wrapper-binary -> org.hibernate.type.WrapperBinaryType@12f6c302
2021-04-28 11:42:44,605 DEBUG org.hibernate.type.BasicTypeRegistry [task-1] Adding type registration Byte[] -> org.hibernate.type.WrapperBinaryType@12f6c302
2021-04-28 11:42:44,605 DEBUG org.hibernate.type.BasicTypeRegistry [task-1] Adding type registration [Ljava.lang.Byte; -> org.hibernate.type.WrapperBinaryType@12f6c302
2021-04-28 11:42:44,606 DEBUG org.hibernate.type.BasicTypeRegistry [task-1] Adding type registration row_version -> org.hibernate.type.RowVersionType@1b73997c
2021-04-28 11:42:44,607 DEBUG org.hibernate.type.BasicTypeRegistry [task-1] Adding type registration image -> org.hibernate.type.ImageType@14419c30
2021-04-28 11:42:44,608 DEBUG org.hibernate.type.BasicTypeRegistry [task-1] Adding type registration characters -> org.hibernate.type.CharArrayType@49879ec5
2021-04-28 11:42:44,608 DEBUG org.hibernate.type.BasicTypeRegistry [task-1] Adding type registration char[] -> org.hibernate.type.CharArrayType@49879ec5
2021-04-28 11:42:44,608 DEBUG org.hibernate.type.BasicTypeRegistry [task-1] Adding type registration [C -> org.hibernate.type.CharArrayType@49879ec5
2021-04-28 11:42:44,609 DEBUG org.hibernate.type.BasicTypeRegistry [task-1] Adding type registration wrapper-characters -> org.hibernate.type.CharacterArrayType@4510cdd2
2021-04-28 11:42:44,609 DEBUG org.hibernate.type.BasicTypeRegistry [task-1] Adding type registration [Ljava.lang.Character; -> org.hibernate.type.CharacterArrayType@4510cdd2
2021-04-28 11:42:44,609 DEBUG org.hibernate.type.BasicTypeRegistry [task-1] Adding type registration Character[] -> org.hibernate.type.CharacterArrayType@4510cdd2
2021-04-28 11:42:44,610 DEBUG org.hibernate.type.BasicTypeRegistry [task-1] Adding type registration text -> org.hibernate.type.TextType@155643ac
2021-04-28 11:42:44,610 DEBUG org.hibernate.type.BasicTypeRegistry [task-1] Adding type registration ntext -> org.hibernate.type.NTextType@35ca0b8a
2021-04-28 11:42:44,611 DEBUG org.hibernate.type.BasicTypeRegistry [task-1] Adding type registration blob -> org.hibernate.type.BlobType@1a76f461
2021-04-28 11:42:44,612 DEBUG org.hibernate.type.BasicTypeRegistry [task-1] Adding type registration java.sql.Blob -> org.hibernate.type.BlobType@1a76f461
2021-04-28 11:42:44,612 DEBUG org.hibernate.type.BasicTypeRegistry [task-1] Adding type registration materialized_blob -> org.hibernate.type.MaterializedBlobType@5fd990a
2021-04-28 11:42:44,614 DEBUG org.hibernate.type.BasicTypeRegistry [task-1] Adding type registration clob -> org.hibernate.type.ClobType@5a000482
2021-04-28 11:42:44,614 DEBUG org.hibernate.type.BasicTypeRegistry [task-1] Adding type registration java.sql.Clob -> org.hibernate.type.ClobType@5a000482
2021-04-28 11:42:44,615 DEBUG org.hibernate.type.BasicTypeRegistry [task-1] Adding type registration nclob -> org.hibernate.type.NClobType@2b3c8e3f
2021-04-28 11:42:44,616 DEBUG org.hibernate.type.BasicTypeRegistry [task-1] Adding type registration java.sql.NClob -> org.hibernate.type.NClobType@2b3c8e3f
2021-04-28 11:42:44,616 DEBUG org.hibernate.type.BasicTypeRegistry [task-1] Adding type registration materialized_clob -> org.hibernate.type.MaterializedClobType@5b0b8ba3
2021-04-28 11:42:44,617 DEBUG org.hibernate.type.BasicTypeRegistry [task-1] Adding type registration materialized_nclob -> org.hibernate.type.MaterializedNClobType@3763142e
2021-04-28 11:42:44,617 DEBUG org.hibernate.type.BasicTypeRegistry [task-1] Adding type registration serializable -> org.hibernate.type.SerializableType@72fdca0e
2021-04-28 11:42:44,620 DEBUG org.hibernate.type.BasicTypeRegistry [task-1] Adding type registration object -> org.hibernate.type.ObjectType@6174e999
2021-04-28 11:42:44,620 DEBUG org.hibernate.type.BasicTypeRegistry [task-1] Adding type registration java.lang.Object -> org.hibernate.type.ObjectType@6174e999
2021-04-28 11:42:44,621 DEBUG org.hibernate.type.BasicTypeRegistry [task-1] Adding type registration imm_date -> org.hibernate.type.AdaptedImmutableType@40d8bd4b
2021-04-28 11:42:44,621 DEBUG org.hibernate.type.BasicTypeRegistry [task-1] Adding type registration imm_time -> org.hibernate.type.AdaptedImmutableType@6a6bce8
2021-04-28 11:42:44,621 DEBUG org.hibernate.type.BasicTypeRegistry [task-1] Adding type registration imm_timestamp -> org.hibernate.type.AdaptedImmutableType@4a21a14b
2021-04-28 11:42:44,621 DEBUG org.hibernate.type.BasicTypeRegistry [task-1] Adding type registration imm_dbtimestamp -> org.hibernate.type.AdaptedImmutableType@6851126d
2021-04-28 11:42:44,621 DEBUG org.hibernate.type.BasicTypeRegistry [task-1] Adding type registration imm_calendar -> org.hibernate.type.AdaptedImmutableType@6d66d8c9
2021-04-28 11:42:44,621 DEBUG org.hibernate.type.BasicTypeRegistry [task-1] Adding type registration imm_calendar_date -> org.hibernate.type.AdaptedImmutableType@5e947871
2021-04-28 11:42:44,621 DEBUG org.hibernate.type.BasicTypeRegistry [task-1] Adding type registration imm_binary -> org.hibernate.type.AdaptedImmutableType@1978a111
2021-04-28 11:42:44,621 DEBUG org.hibernate.type.BasicTypeRegistry [task-1] Adding type registration imm_serializable -> org.hibernate.type.AdaptedImmutableType@79da0a29
2021-04-28 11:42:44,646 INFO org.springframework.security.web.DefaultSecurityFilterChain [restartedMain] Creating filter chain: any request, [org.springframework.security.web.context.request.async.WebAsyncManagerIntegrationFilter@255d1665, org.springframework.security.web.context.SecurityContextPersistenceFilter@2d761d15, org.springframework.security.web.header.HeaderWriterFilter@63ed9685, org.springframework.security.web.authentication.logout.LogoutFilter@1de05b2a, com.codegym.englishbackend.jwt.JwtTokenAuthorizationOncePerRequestFilter@5c1d74cc, org.springframework.security.web.savedrequest.RequestCacheAwareFilter@407c9f08, org.springframework.security.web.servletapi.SecurityContextHolderAwareRequestFilter@f6dbc7e, org.springframework.security.web.authentication.AnonymousAuthenticationFilter@10082bf0, org.springframework.security.web.session.SessionManagementFilter@131fef62, org.springframework.security.web.access.ExceptionTranslationFilter@78d36b65, org.springframework.security.web.access.intercept.FilterSecurityInterceptor@5bfebe22]
2021-04-28 11:42:44,659 INFO com.zaxxer.hikari.HikariDataSource [task-1] HikariPool-1 - Starting...
2021-04-28 11:42:45,355 INFO org.springframework.boot.devtools.autoconfigure.OptionalLiveReloadServer [restartedMain] LiveReload server is running on port 35729
2021-04-28 11:42:45,421 INFO org.springframework.boot.web.embedded.tomcat.TomcatWebServer [restartedMain] Tomcat started on port(s): 8081 (http) with context path ''
2021-04-28 11:42:45,425 INFO org.springframework.data.repository.config.DeferredRepositoryInitializationListener [restartedMain] Triggering deferred initialization of Spring Data repositories…
2021-04-28 11:42:45,822 INFO com.zaxxer.hikari.HikariDataSource [task-1] HikariPool-1 - Start completed.
2021-04-28 11:42:45,860 INFO org.hibernate.dialect.Dialect [task-1] HHH000400: Using dialect: org.hibernate.dialect.MySQL5InnoDBDialect
2021-04-28 11:42:46,118 DEBUG org.hibernate.type.spi.TypeConfiguration$Scope [task-1] Scoping TypeConfiguration [org.hibernate.type.spi.TypeConfiguration@48e0db76] to MetadataBuildingContext [org.hibernate.boot.internal.MetadataBuildingContextRootImpl@5a20ce77]
2021-04-28 11:42:46,599 DEBUG org.hibernate.type.spi.TypeConfiguration$Scope [task-1] Scoping TypeConfiguration [org.hibernate.type.spi.TypeConfiguration@48e0db76] to SessionFactoryImpl [org.hibernate.internal.SessionFactoryImpl@460b4bc]
2021-04-28 11:42:47,410 INFO org.hibernate.engine.transaction.jta.platform.internal.JtaPlatformInitiator [task-1] HHH000490: Using JtaPlatform implementation: [org.hibernate.engine.transaction.jta.platform.internal.NoJtaPlatform]
2021-04-28 11:42:47,425 TRACE org.hibernate.type.spi.TypeConfiguration$Scope [task-1] Handling #sessionFactoryCreated from [org.hibernate.internal.SessionFactoryImpl@460b4bc] for TypeConfiguration
2021-04-28 11:42:47,441 INFO org.springframework.orm.jpa.LocalContainerEntityManagerFactoryBean [task-1] Initialized JPA EntityManagerFactory for persistence unit 'default'
2021-04-28 11:42:47,837 INFO org.springframework.data.repository.config.DeferredRepositoryInitializationListener [restartedMain] Spring Data repositories initialized!
2021-04-28 11:42:47,849 INFO com.codegym.englishbackend.EnglishBackendApplication [restartedMain] Started EnglishBackendApplication in 8.039 seconds (JVM running for 9.424)
2021-04-28 14:55:25,463 INFO org.apache.catalina.core.ContainerBase.[Tomcat].[localhost].[/] [http-nio-8081-exec-1] Initializing Spring DispatcherServlet 'dispatcherServlet'
2021-04-28 14:55:25,463 INFO org.springframework.web.servlet.DispatcherServlet [http-nio-8081-exec-1] Initializing Servlet 'dispatcherServlet'
2021-04-28 14:55:25,482 INFO org.springframework.web.servlet.DispatcherServlet [http-nio-8081-exec-1] Completed initialization in 19 ms
2021-04-28 14:55:25,509 WARN com.codegym.englishbackend.jwt.JwtTokenAuthorizationOncePerRequestFilter [http-nio-8081-exec-1] JWT_TOKEN_DOES_NOT_START_WITH_BEARER_STRING
2021-04-28 14:55:47,588 WARN com.codegym.englishbackend.jwt.JwtTokenAuthorizationOncePerRequestFilter [http-nio-8081-exec-3] JWT_TOKEN_DOES_NOT_START_WITH_BEARER_STRING
2021-04-28 14:55:47,890 WARN org.springframework.web.servlet.mvc.method.annotation.ExceptionHandlerExceptionResolver [http-nio-8081-exec-3] Resolved [com.codegym.englishbackend.jwt.resource.AuthenticationException: INVALID_CREDENTIALS]
2021-04-28 14:56:45,716 WARN com.codegym.englishbackend.jwt.JwtTokenAuthorizationOncePerRequestFilter [http-nio-8081-exec-4] JWT_TOKEN_DOES_NOT_START_WITH_BEARER_STRING
2021-04-28 14:56:45,818 WARN org.springframework.web.servlet.mvc.method.annotation.ExceptionHandlerExceptionResolver [http-nio-8081-exec-4] Resolved [com.codegym.englishbackend.jwt.resource.AuthenticationException: INVALID_CREDENTIALS]
